{"c:\\Git\\tesis\\NodeProject\\nodeTests\\mguTest.js":{"path":"c:\\Git\\tesis\\NodeProject\\nodeTests\\mguTest.js","statementMap":{"0":{"start":{"line":4,"column":11},"end":{"line":4,"column":26}},"1":{"start":{"line":7,"column":13},"end":{"line":7,"column":24}},"2":{"start":{"line":9,"column":0},"end":{"line":35,"column":2}},"3":{"start":{"line":10,"column":4},"end":{"line":16,"column":6}},"4":{"start":{"line":11,"column":15},"end":{"line":11,"column":57}},"5":{"start":{"line":12,"column":17},"end":{"line":12,"column":34}},"6":{"start":{"line":13,"column":4},"end":{"line":13,"column":39}},"7":{"start":{"line":14,"column":4},"end":{"line":14,"column":91}},"8":{"start":{"line":15,"column":4},"end":{"line":15,"column":91}},"9":{"start":{"line":18,"column":4},"end":{"line":24,"column":6}},"10":{"start":{"line":19,"column":20},"end":{"line":19,"column":62}},"11":{"start":{"line":20,"column":20},"end":{"line":20,"column":62}},"12":{"start":{"line":21,"column":21},"end":{"line":21,"column":46}},"13":{"start":{"line":22,"column":8},"end":{"line":22,"column":44}},"14":{"start":{"line":23,"column":8},"end":{"line":23,"column":44}},"15":{"start":{"line":27,"column":4},"end":{"line":33,"column":6}},"16":{"start":{"line":28,"column":20},"end":{"line":28,"column":59}},"17":{"start":{"line":29,"column":20},"end":{"line":29,"column":59}},"18":{"start":{"line":30,"column":21},"end":{"line":30,"column":46}},"19":{"start":{"line":31,"column":8},"end":{"line":31,"column":44}},"20":{"start":{"line":32,"column":8},"end":{"line":32,"column":44}}},"fnMap":{"0":{"name":"(anonymous_0)","decl":{"start":{"line":9,"column":25},"end":{"line":9,"column":26}},"loc":{"start":{"line":9,"column":36},"end":{"line":35,"column":1}},"line":9},"1":{"name":"(anonymous_1)","decl":{"start":{"line":10,"column":58},"end":{"line":10,"column":59}},"loc":{"start":{"line":10,"column":69},"end":{"line":16,"column":5}},"line":10},"2":{"name":"(anonymous_2)","decl":{"start":{"line":18,"column":67},"end":{"line":18,"column":68}},"loc":{"start":{"line":18,"column":78},"end":{"line":24,"column":5}},"line":18},"3":{"name":"(anonymous_3)","decl":{"start":{"line":27,"column":78},"end":{"line":27,"column":79}},"loc":{"start":{"line":27,"column":89},"end":{"line":33,"column":5}},"line":27}},"branchMap":{},"s":{"0":0,"1":0,"2":0,"3":0,"4":0,"5":0,"6":0,"7":0,"8":0,"9":0,"10":0,"11":0,"12":0,"13":0,"14":0,"15":0,"16":0,"17":0,"18":0,"19":0,"20":0},"f":{"0":0,"1":0,"2":0,"3":0},"b":{}},"c:\\Git\\tesis\\NodeProject\\nodeTests\\original.js":{"path":"c:\\Git\\tesis\\NodeProject\\nodeTests\\original.js","statementMap":{"0":{"start":{"line":4,"column":11},"end":{"line":4,"column":26}},"1":{"start":{"line":7,"column":13},"end":{"line":7,"column":24}},"2":{"start":{"line":8,"column":13},"end":{"line":8,"column":24}},"3":{"start":{"line":9,"column":13},"end":{"line":9,"column":26}},"4":{"start":{"line":11,"column":13},"end":{"line":15,"column":1}},"5":{"start":{"line":13,"column":4},"end":{"line":13,"column":28}},"6":{"start":{"line":17,"column":0},"end":{"line":31,"column":2}},"7":{"start":{"line":18,"column":2},"end":{"line":30,"column":4}},"8":{"start":{"line":19,"column":4},"end":{"line":21,"column":6}},"9":{"start":{"line":20,"column":6},"end":{"line":20,"column":56}},"10":{"start":{"line":23,"column":4},"end":{"line":25,"column":6}},"11":{"start":{"line":24,"column":6},"end":{"line":24,"column":59}},"12":{"start":{"line":27,"column":4},"end":{"line":29,"column":6}},"13":{"start":{"line":28,"column":6},"end":{"line":28,"column":55}},"14":{"start":{"line":34,"column":0},"end":{"line":42,"column":2}},"15":{"start":{"line":35,"column":2},"end":{"line":41,"column":4}},"16":{"start":{"line":38,"column":4},"end":{"line":40,"column":6}},"17":{"start":{"line":39,"column":6},"end":{"line":39,"column":90}}},"fnMap":{"0":{"name":"(anonymous_0)","decl":{"start":{"line":12,"column":12},"end":{"line":12,"column":13}},"loc":{"start":{"line":12,"column":23},"end":{"line":14,"column":3}},"line":12},"1":{"name":"(anonymous_1)","decl":{"start":{"line":17,"column":19},"end":{"line":17,"column":20}},"loc":{"start":{"line":17,"column":30},"end":{"line":31,"column":1}},"line":17},"2":{"name":"(anonymous_2)","decl":{"start":{"line":18,"column":26},"end":{"line":18,"column":27}},"loc":{"start":{"line":18,"column":37},"end":{"line":30,"column":3}},"line":18},"3":{"name":"(anonymous_3)","decl":{"start":{"line":19,"column":34},"end":{"line":19,"column":35}},"loc":{"start":{"line":19,"column":45},"end":{"line":21,"column":5}},"line":19},"4":{"name":"(anonymous_4)","decl":{"start":{"line":23,"column":34},"end":{"line":23,"column":35}},"loc":{"start":{"line":23,"column":45},"end":{"line":25,"column":5}},"line":23},"5":{"name":"(anonymous_5)","decl":{"start":{"line":27,"column":34},"end":{"line":27,"column":35}},"loc":{"start":{"line":27,"column":45},"end":{"line":29,"column":5}},"line":27},"6":{"name":"(anonymous_6)","decl":{"start":{"line":34,"column":23},"end":{"line":34,"column":24}},"loc":{"start":{"line":34,"column":34},"end":{"line":42,"column":1}},"line":34},"7":{"name":"(anonymous_7)","decl":{"start":{"line":35,"column":21},"end":{"line":35,"column":22}},"loc":{"start":{"line":35,"column":32},"end":{"line":41,"column":3}},"line":35},"8":{"name":"(anonymous_8)","decl":{"start":{"line":38,"column":48},"end":{"line":38,"column":49}},"loc":{"start":{"line":38,"column":59},"end":{"line":40,"column":5}},"line":38}},"branchMap":{},"s":{"0":0,"1":0,"2":0,"3":0,"4":0,"5":0,"6":0,"7":0,"8":0,"9":0,"10":0,"11":0,"12":0,"13":0,"14":0,"15":0,"16":0,"17":0},"f":{"0":0,"1":0,"2":0,"3":0,"4":0,"5":0,"6":0,"7":0,"8":0},"b":{}},"c:\\Git\\tesis\\NodeProject\\src\\AlertService2.js":{"path":"c:\\Git\\tesis\\NodeProject\\src\\AlertService2.js","statementMap":{"0":{"start":{"line":2,"column":4},"end":{"line":5,"column":10}},"1":{"start":{"line":9,"column":4},"end":{"line":12,"column":6}},"2":{"start":{"line":16,"column":4},"end":{"line":19,"column":6}},"3":{"start":{"line":18,"column":74},"end":{"line":18,"column":86}},"4":{"start":{"line":22,"column":4},"end":{"line":26,"column":6}},"5":{"start":{"line":30,"column":4},"end":{"line":33,"column":6}},"6":{"start":{"line":37,"column":4},"end":{"line":39,"column":6}},"7":{"start":{"line":42,"column":4},"end":{"line":44,"column":6}},"8":{"start":{"line":47,"column":4},"end":{"line":50,"column":6}},"9":{"start":{"line":54,"column":4},"end":{"line":57,"column":6}},"10":{"start":{"line":63,"column":4},"end":{"line":70,"column":10}}},"fnMap":{"0":{"name":"setErrorSyntaxAlert","decl":{"start":{"line":1,"column":16},"end":{"line":1,"column":35}},"loc":{"start":{"line":1,"column":46},"end":{"line":7,"column":1}},"line":1},"1":{"name":"setArityIssuesAlert","decl":{"start":{"line":8,"column":16},"end":{"line":8,"column":35}},"loc":{"start":{"line":8,"column":46},"end":{"line":14,"column":1}},"line":8},"2":{"name":"setConflictingKeysAlert","decl":{"start":{"line":15,"column":16},"end":{"line":15,"column":39}},"loc":{"start":{"line":15,"column":50},"end":{"line":20,"column":1}},"line":15},"3":{"name":"(anonymous_3)","decl":{"start":{"line":18,"column":69},"end":{"line":18,"column":70}},"loc":{"start":{"line":18,"column":74},"end":{"line":18,"column":86}},"line":18},"4":{"name":"setInconsistentAlert","decl":{"start":{"line":21,"column":16},"end":{"line":21,"column":36}},"loc":{"start":{"line":21,"column":47},"end":{"line":27,"column":1}},"line":21},"5":{"name":"setConsistentAlert","decl":{"start":{"line":29,"column":16},"end":{"line":29,"column":34}},"loc":{"start":{"line":29,"column":45},"end":{"line":34,"column":1}},"line":29},"6":{"name":"setLinearFragmentAlert","decl":{"start":{"line":36,"column":16},"end":{"line":36,"column":38}},"loc":{"start":{"line":36,"column":49},"end":{"line":40,"column":1}},"line":36},"7":{"name":"setGuardedFragmentAlert","decl":{"start":{"line":41,"column":16},"end":{"line":41,"column":39}},"loc":{"start":{"line":41,"column":50},"end":{"line":45,"column":1}},"line":41},"8":{"name":"setOutOfGuardedFragmentAlert","decl":{"start":{"line":46,"column":16},"end":{"line":46,"column":44}},"loc":{"start":{"line":46,"column":55},"end":{"line":51,"column":1}},"line":46},"9":{"name":"showRepairs","decl":{"start":{"line":53,"column":16},"end":{"line":53,"column":27}},"loc":{"start":{"line":53,"column":38},"end":{"line":58,"column":1}},"line":53},"10":{"name":"setAlert","decl":{"start":{"line":62,"column":9},"end":{"line":62,"column":17}},"loc":{"start":{"line":62,"column":36},"end":{"line":71,"column":1}},"line":62}},"branchMap":{},"s":{"0":0,"1":0,"2":0,"3":0,"4":0,"5":0,"6":0,"7":0,"8":0,"9":0,"10":0},"f":{"0":0,"1":0,"2":0,"3":0,"4":0,"5":0,"6":0,"7":0,"8":0,"9":0,"10":0},"b":{}},"c:\\Git\\tesis\\NodeProject\\src\\App.js":{"path":"c:\\Git\\tesis\\NodeProject\\src\\App.js","statementMap":{"0":{"start":{"line":10,"column":4},"end":{"line":27,"column":6}}},"fnMap":{"0":{"name":"(anonymous_0)","decl":{"start":{"line":7,"column":2},"end":{"line":7,"column":3}},"loc":{"start":{"line":7,"column":21},"end":{"line":8,"column":3}},"line":7},"1":{"name":"(anonymous_1)","decl":{"start":{"line":9,"column":2},"end":{"line":9,"column":3}},"loc":{"start":{"line":9,"column":11},"end":{"line":28,"column":3}},"line":9}},"branchMap":{},"s":{"0":0},"f":{"0":0,"1":0},"b":{}},"c:\\Git\\tesis\\NodeProject\\src\\ContextObjects.js":{"path":"c:\\Git\\tesis\\NodeProject\\src\\ContextObjects.js","statementMap":{"0":{"start":{"line":1,"column":35},"end":{"line":3,"column":1}},"1":{"start":{"line":5,"column":31},"end":{"line":8,"column":1}},"2":{"start":{"line":10,"column":36},"end":{"line":13,"column":1}}},"fnMap":{},"branchMap":{},"s":{"0":0,"1":0,"2":0},"f":{},"b":{}},"c:\\Git\\tesis\\NodeProject\\src\\DatalogFragmentService.js":{"path":"c:\\Git\\tesis\\NodeProject\\src\\DatalogFragmentService.js","statementMap":{"0":{"start":{"line":4,"column":36},"end":{"line":24,"column":1}},"1":{"start":{"line":6,"column":27},"end":{"line":6,"column":75}},"2":{"start":{"line":7,"column":8},"end":{"line":22,"column":9}},"3":{"start":{"line":8,"column":12},"end":{"line":8,"column":56}},"4":{"start":{"line":10,"column":13},"end":{"line":22,"column":9}},"5":{"start":{"line":11,"column":12},"end":{"line":11,"column":56}},"6":{"start":{"line":12,"column":12},"end":{"line":12,"column":53}},"7":{"start":{"line":14,"column":13},"end":{"line":22,"column":9}},"8":{"start":{"line":15,"column":12},"end":{"line":15,"column":59}},"9":{"start":{"line":17,"column":13},"end":{"line":22,"column":9}},"10":{"start":{"line":18,"column":12},"end":{"line":18,"column":60}},"11":{"start":{"line":20,"column":13},"end":{"line":22,"column":9}},"12":{"start":{"line":21,"column":12},"end":{"line":21,"column":65}}},"fnMap":{"0":{"name":"(anonymous_0)","decl":{"start":{"line":5,"column":26},"end":{"line":5,"column":27}},"loc":{"start":{"line":5,"column":51},"end":{"line":23,"column":5}},"line":5}},"branchMap":{"0":{"loc":{"start":{"line":7,"column":8},"end":{"line":22,"column":9}},"type":"if","locations":[{"start":{"line":7,"column":8},"end":{"line":22,"column":9}},{"start":{"line":7,"column":8},"end":{"line":22,"column":9}}],"line":7},"1":{"loc":{"start":{"line":10,"column":13},"end":{"line":22,"column":9}},"type":"if","locations":[{"start":{"line":10,"column":13},"end":{"line":22,"column":9}},{"start":{"line":10,"column":13},"end":{"line":22,"column":9}}],"line":10},"2":{"loc":{"start":{"line":14,"column":13},"end":{"line":22,"column":9}},"type":"if","locations":[{"start":{"line":14,"column":13},"end":{"line":22,"column":9}},{"start":{"line":14,"column":13},"end":{"line":22,"column":9}}],"line":14},"3":{"loc":{"start":{"line":17,"column":13},"end":{"line":22,"column":9}},"type":"if","locations":[{"start":{"line":17,"column":13},"end":{"line":22,"column":9}},{"start":{"line":17,"column":13},"end":{"line":22,"column":9}}],"line":17},"4":{"loc":{"start":{"line":20,"column":13},"end":{"line":22,"column":9}},"type":"if","locations":[{"start":{"line":20,"column":13},"end":{"line":22,"column":9}},{"start":{"line":20,"column":13},"end":{"line":22,"column":9}}],"line":20}},"s":{"0":0,"1":0,"2":0,"3":0,"4":0,"5":0,"6":0,"7":0,"8":0,"9":0,"10":0,"11":0,"12":0},"f":{"0":0},"b":{"0":[0,0],"1":[0,0],"2":[0,0],"3":[0,0],"4":[0,0]}},"c:\\Git\\tesis\\NodeProject\\src\\Editor.js":{"path":"c:\\Git\\tesis\\NodeProject\\src\\Editor.js","statementMap":{"0":{"start":{"line":6,"column":0},"end":{"line":6,"column":35}},"1":{"start":{"line":7,"column":0},"end":{"line":7,"column":49}},"2":{"start":{"line":11,"column":8},"end":{"line":11,"column":21}},"3":{"start":{"line":12,"column":8},"end":{"line":12,"column":29}},"4":{"start":{"line":13,"column":8},"end":{"line":13,"column":39}},"5":{"start":{"line":14,"column":8},"end":{"line":14,"column":67}},"6":{"start":{"line":15,"column":8},"end":{"line":15,"column":47}},"7":{"start":{"line":16,"column":8},"end":{"line":16,"column":51}},"8":{"start":{"line":17,"column":8},"end":{"line":17,"column":55}},"9":{"start":{"line":18,"column":8},"end":{"line":18,"column":55}},"10":{"start":{"line":19,"column":8},"end":{"line":19,"column":63}},"11":{"start":{"line":23,"column":8},"end":{"line":26,"column":10}},"12":{"start":{"line":24,"column":12},"end":{"line":24,"column":60}},"13":{"start":{"line":25,"column":12},"end":{"line":25,"column":71}},"14":{"start":{"line":30,"column":25},"end":{"line":30,"column":26}},"15":{"start":{"line":31,"column":23},"end":{"line":31,"column":57}},"16":{"start":{"line":32,"column":8},"end":{"line":36,"column":9}},"17":{"start":{"line":33,"column":12},"end":{"line":33,"column":24}},"18":{"start":{"line":34,"column":12},"end":{"line":34,"column":26}},"19":{"start":{"line":35,"column":12},"end":{"line":35,"column":58}},"20":{"start":{"line":40,"column":8},"end":{"line":46,"column":9}},"21":{"start":{"line":40,"column":36},"end":{"line":40,"column":48}},"22":{"start":{"line":42,"column":12},"end":{"line":42,"column":39}},"23":{"start":{"line":45,"column":12},"end":{"line":45,"column":41}},"24":{"start":{"line":50,"column":8},"end":{"line":50,"column":70}},"25":{"start":{"line":54,"column":8},"end":{"line":54,"column":73}},"26":{"start":{"line":58,"column":8},"end":{"line":58,"column":68}},"27":{"start":{"line":63,"column":10},"end":{"line":97,"column":14}},"28":{"start":{"line":65,"column":40},"end":{"line":65,"column":63}},"29":{"start":{"line":65,"column":64},"end":{"line":65,"column":94}},"30":{"start":{"line":74,"column":16},"end":{"line":74,"column":44}},"31":{"start":{"line":75,"column":16},"end":{"line":75,"column":31}},"32":{"start":{"line":77,"column":16},"end":{"line":95,"column":17}},"33":{"start":{"line":77,"column":62},"end":{"line":77,"column":78}},"34":{"start":{"line":79,"column":20},"end":{"line":81,"column":22}},"35":{"start":{"line":80,"column":24},"end":{"line":80,"column":77}},"36":{"start":{"line":84,"column":21},"end":{"line":95,"column":17}},"37":{"start":{"line":85,"column":37},"end":{"line":85,"column":51}},"38":{"start":{"line":86,"column":20},"end":{"line":88,"column":23}},"39":{"start":{"line":87,"column":24},"end":{"line":87,"column":69}},"40":{"start":{"line":92,"column":37},"end":{"line":92,"column":51}},"41":{"start":{"line":93,"column":35},"end":{"line":93,"column":69}},"42":{"start":{"line":94,"column":20},"end":{"line":94,"column":70}}},"fnMap":{"0":{"name":"(anonymous_0)","decl":{"start":{"line":10,"column":4},"end":{"line":10,"column":5}},"loc":{"start":{"line":10,"column":23},"end":{"line":20,"column":7}},"line":10},"1":{"name":"(anonymous_1)","decl":{"start":{"line":22,"column":6},"end":{"line":22,"column":7}},"loc":{"start":{"line":22,"column":15},"end":{"line":27,"column":7}},"line":22},"2":{"name":"(anonymous_2)","decl":{"start":{"line":23,"column":29},"end":{"line":23,"column":30}},"loc":{"start":{"line":23,"column":41},"end":{"line":26,"column":9}},"line":23},"3":{"name":"(anonymous_3)","decl":{"start":{"line":29,"column":6},"end":{"line":29,"column":7}},"loc":{"start":{"line":29,"column":24},"end":{"line":37,"column":7}},"line":29},"4":{"name":"(anonymous_4)","decl":{"start":{"line":39,"column":6},"end":{"line":39,"column":7}},"loc":{"start":{"line":39,"column":41},"end":{"line":47,"column":7}},"line":39},"5":{"name":"(anonymous_5)","decl":{"start":{"line":40,"column":31},"end":{"line":40,"column":32}},"loc":{"start":{"line":40,"column":36},"end":{"line":40,"column":48}},"line":40},"6":{"name":"(anonymous_6)","decl":{"start":{"line":49,"column":6},"end":{"line":49,"column":7}},"loc":{"start":{"line":49,"column":27},"end":{"line":51,"column":7}},"line":49},"7":{"name":"(anonymous_7)","decl":{"start":{"line":53,"column":6},"end":{"line":53,"column":7}},"loc":{"start":{"line":53,"column":29},"end":{"line":55,"column":7}},"line":53},"8":{"name":"(anonymous_8)","decl":{"start":{"line":57,"column":6},"end":{"line":57,"column":7}},"loc":{"start":{"line":57,"column":40},"end":{"line":59,"column":7}},"line":57},"9":{"name":"(anonymous_9)","decl":{"start":{"line":62,"column":6},"end":{"line":62,"column":7}},"loc":{"start":{"line":62,"column":15},"end":{"line":98,"column":7}},"line":62},"10":{"name":"(anonymous_10)","decl":{"start":{"line":65,"column":28},"end":{"line":65,"column":29}},"loc":{"start":{"line":65,"column":38},"end":{"line":65,"column":96}},"line":65},"11":{"name":"(anonymous_11)","decl":{"start":{"line":72,"column":22},"end":{"line":72,"column":23}},"loc":{"start":{"line":72,"column":47},"end":{"line":96,"column":13}},"line":72},"12":{"name":"(anonymous_12)","decl":{"start":{"line":77,"column":57},"end":{"line":77,"column":58}},"loc":{"start":{"line":77,"column":62},"end":{"line":77,"column":78}},"line":77},"13":{"name":"(anonymous_13)","decl":{"start":{"line":79,"column":41},"end":{"line":79,"column":42}},"loc":{"start":{"line":79,"column":53},"end":{"line":81,"column":21}},"line":79},"14":{"name":"(anonymous_14)","decl":{"start":{"line":86,"column":39},"end":{"line":86,"column":40}},"loc":{"start":{"line":86,"column":52},"end":{"line":88,"column":21}},"line":86}},"branchMap":{"0":{"loc":{"start":{"line":40,"column":8},"end":{"line":46,"column":9}},"type":"if","locations":[{"start":{"line":40,"column":8},"end":{"line":46,"column":9}},{"start":{"line":40,"column":8},"end":{"line":46,"column":9}}],"line":40},"1":{"loc":{"start":{"line":77,"column":16},"end":{"line":95,"column":17}},"type":"if","locations":[{"start":{"line":77,"column":16},"end":{"line":95,"column":17}},{"start":{"line":77,"column":16},"end":{"line":95,"column":17}}],"line":77},"2":{"loc":{"start":{"line":77,"column":19},"end":{"line":77,"column":79}},"type":"binary-expr","locations":[{"start":{"line":77,"column":19},"end":{"line":77,"column":31}},{"start":{"line":77,"column":35},"end":{"line":77,"column":79}}],"line":77},"3":{"loc":{"start":{"line":84,"column":21},"end":{"line":95,"column":17}},"type":"if","locations":[{"start":{"line":84,"column":21},"end":{"line":95,"column":17}},{"start":{"line":84,"column":21},"end":{"line":95,"column":17}}],"line":84}},"s":{"0":0,"1":0,"2":0,"3":0,"4":0,"5":0,"6":0,"7":0,"8":0,"9":0,"10":0,"11":0,"12":0,"13":0,"14":0,"15":0,"16":0,"17":0,"18":0,"19":0,"20":0,"21":0,"22":0,"23":0,"24":0,"25":0,"26":0,"27":0,"28":0,"29":0,"30":0,"31":0,"32":0,"33":0,"34":0,"35":0,"36":0,"37":0,"38":0,"39":0,"40":0,"41":0,"42":0},"f":{"0":0,"1":0,"2":0,"3":0,"4":0,"5":0,"6":0,"7":0,"8":0,"9":0,"10":0,"11":0,"12":0,"13":0,"14":0},"b":{"0":[0,0],"1":[0,0],"2":[0,0],"3":[0,0]}},"c:\\Git\\tesis\\NodeProject\\src\\EditorService.js":{"path":"c:\\Git\\tesis\\NodeProject\\src\\EditorService.js","statementMap":{"0":{"start":{"line":4,"column":39},"end":{"line":4,"column":137}},"1":{"start":{"line":5,"column":18},"end":{"line":5,"column":20}},"2":{"start":{"line":6,"column":4},"end":{"line":20,"column":6}},"3":{"start":{"line":7,"column":34},"end":{"line":7,"column":131}},"4":{"start":{"line":9,"column":4},"end":{"line":19,"column":6}},"5":{"start":{"line":10,"column":23},"end":{"line":10,"column":84}},"6":{"start":{"line":11,"column":20},"end":{"line":11,"column":100}},"7":{"start":{"line":12,"column":22},"end":{"line":12,"column":73}},"8":{"start":{"line":13,"column":8},"end":{"line":18,"column":10}},"9":{"start":{"line":14,"column":8},"end":{"line":17,"column":41}},"10":{"start":{"line":21,"column":4},"end":{"line":21,"column":32}},"11":{"start":{"line":25,"column":4},"end":{"line":27,"column":6}},"12":{"start":{"line":26,"column":6},"end":{"line":26,"column":91}},"13":{"start":{"line":31,"column":4},"end":{"line":33,"column":7}},"14":{"start":{"line":32,"column":6},"end":{"line":32,"column":114}}},"fnMap":{"0":{"name":"markArityIssues","decl":{"start":{"line":3,"column":16},"end":{"line":3,"column":31}},"loc":{"start":{"line":3,"column":42},"end":{"line":22,"column":1}},"line":3},"1":{"name":"(anonymous_1)","decl":{"start":{"line":6,"column":41},"end":{"line":6,"column":42}},"loc":{"start":{"line":6,"column":58},"end":{"line":20,"column":5}},"line":6},"2":{"name":"(anonymous_2)","decl":{"start":{"line":9,"column":36},"end":{"line":9,"column":37}},"loc":{"start":{"line":9,"column":49},"end":{"line":19,"column":5}},"line":9},"3":{"name":"(anonymous_3)","decl":{"start":{"line":13,"column":24},"end":{"line":13,"column":25}},"loc":{"start":{"line":13,"column":29},"end":{"line":18,"column":9}},"line":13},"4":{"name":"markConflictingKeys","decl":{"start":{"line":24,"column":16},"end":{"line":24,"column":35}},"loc":{"start":{"line":24,"column":46},"end":{"line":28,"column":3}},"line":24},"5":{"name":"(anonymous_5)","decl":{"start":{"line":25,"column":62},"end":{"line":25,"column":63}},"loc":{"start":{"line":25,"column":69},"end":{"line":27,"column":5}},"line":25},"6":{"name":"markInconsistencies","decl":{"start":{"line":30,"column":16},"end":{"line":30,"column":35}},"loc":{"start":{"line":30,"column":46},"end":{"line":34,"column":1}},"line":30},"7":{"name":"(anonymous_7)","decl":{"start":{"line":31,"column":59},"end":{"line":31,"column":60}},"loc":{"start":{"line":31,"column":75},"end":{"line":33,"column":5}},"line":31}},"branchMap":{},"s":{"0":0,"1":0,"2":0,"3":0,"4":0,"5":0,"6":0,"7":0,"8":0,"9":0,"10":0,"11":0,"12":0,"13":0,"14":0},"f":{"0":0,"1":0,"2":0,"3":0,"4":0,"5":0,"6":0,"7":0},"b":{}},"c:\\Git\\tesis\\NodeProject\\src\\IARService.js":{"path":"c:\\Git\\tesis\\NodeProject\\src\\IARService.js","statementMap":{"0":{"start":{"line":5,"column":15},"end":{"line":5,"column":51}},"1":{"start":{"line":5,"column":38},"end":{"line":5,"column":50}},"2":{"start":{"line":6,"column":14},"end":{"line":6,"column":49}},"3":{"start":{"line":6,"column":36},"end":{"line":6,"column":48}},"4":{"start":{"line":7,"column":13},"end":{"line":7,"column":112}},"5":{"start":{"line":7,"column":35},"end":{"line":7,"column":55}},"6":{"start":{"line":7,"column":86},"end":{"line":7,"column":110}},"7":{"start":{"line":8,"column":17},"end":{"line":8,"column":19}},"8":{"start":{"line":10,"column":17},"end":{"line":10,"column":74}},"9":{"start":{"line":12,"column":22},"end":{"line":12,"column":46}},"10":{"start":{"line":14,"column":3},"end":{"line":14,"column":59}},"11":{"start":{"line":18,"column":16},"end":{"line":18,"column":18}},"12":{"start":{"line":19,"column":3},"end":{"line":25,"column":5}},"13":{"start":{"line":20,"column":6},"end":{"line":24,"column":8}},"14":{"start":{"line":21,"column":9},"end":{"line":23,"column":10}},"15":{"start":{"line":21,"column":35},"end":{"line":21,"column":50}},"16":{"start":{"line":22,"column":12},"end":{"line":22,"column":27}},"17":{"start":{"line":26,"column":3},"end":{"line":26,"column":26}}},"fnMap":{"0":{"name":"intersectionRepairs","decl":{"start":{"line":3,"column":22},"end":{"line":3,"column":41}},"loc":{"start":{"line":3,"column":50},"end":{"line":15,"column":1}},"line":3},"1":{"name":"(anonymous_1)","decl":{"start":{"line":5,"column":33},"end":{"line":5,"column":34}},"loc":{"start":{"line":5,"column":38},"end":{"line":5,"column":50}},"line":5},"2":{"name":"(anonymous_2)","decl":{"start":{"line":6,"column":31},"end":{"line":6,"column":32}},"loc":{"start":{"line":6,"column":36},"end":{"line":6,"column":48}},"line":6},"3":{"name":"(anonymous_3)","decl":{"start":{"line":7,"column":29},"end":{"line":7,"column":30}},"loc":{"start":{"line":7,"column":35},"end":{"line":7,"column":55}},"line":7},"4":{"name":"(anonymous_4)","decl":{"start":{"line":7,"column":81},"end":{"line":7,"column":82}},"loc":{"start":{"line":7,"column":86},"end":{"line":7,"column":110}},"line":7},"5":{"name":"getIntersection","decl":{"start":{"line":17,"column":9},"end":{"line":17,"column":24}},"loc":{"start":{"line":17,"column":35},"end":{"line":27,"column":1}},"line":17},"6":{"name":"(anonymous_6)","decl":{"start":{"line":19,"column":21},"end":{"line":19,"column":22}},"loc":{"start":{"line":19,"column":26},"end":{"line":25,"column":4}},"line":19},"7":{"name":"(anonymous_7)","decl":{"start":{"line":20,"column":16},"end":{"line":20,"column":17}},"loc":{"start":{"line":20,"column":21},"end":{"line":24,"column":7}},"line":20},"8":{"name":"(anonymous_8)","decl":{"start":{"line":21,"column":28},"end":{"line":21,"column":29}},"loc":{"start":{"line":21,"column":35},"end":{"line":21,"column":50}},"line":21}},"branchMap":{"0":{"loc":{"start":{"line":21,"column":9},"end":{"line":23,"column":10}},"type":"if","locations":[{"start":{"line":21,"column":9},"end":{"line":23,"column":10}},{"start":{"line":21,"column":9},"end":{"line":23,"column":10}}],"line":21}},"s":{"0":0,"1":0,"2":0,"3":0,"4":0,"5":0,"6":0,"7":0,"8":0,"9":0,"10":0,"11":0,"12":0,"13":0,"14":0,"15":0,"16":0,"17":0},"f":{"0":0,"1":0,"2":0,"3":0,"4":0,"5":0,"6":0,"7":0,"8":0},"b":{"0":[0,0]}},"c:\\Git\\tesis\\NodeProject\\src\\index.js":{"path":"c:\\Git\\tesis\\NodeProject\\src\\index.js","statementMap":{"0":{"start":{"line":16,"column":4},"end":{"line":16,"column":17}},"1":{"start":{"line":18,"column":4},"end":{"line":30,"column":6}},"2":{"start":{"line":32,"column":4},"end":{"line":32,"column":53}},"3":{"start":{"line":33,"column":4},"end":{"line":33,"column":53}},"4":{"start":{"line":34,"column":4},"end":{"line":34,"column":75}},"5":{"start":{"line":35,"column":4},"end":{"line":35,"column":75}},"6":{"start":{"line":36,"column":4},"end":{"line":36,"column":69}},"7":{"start":{"line":37,"column":4},"end":{"line":37,"column":51}},"8":{"start":{"line":38,"column":4},"end":{"line":38,"column":65}},"9":{"start":{"line":39,"column":4},"end":{"line":39,"column":61}},"10":{"start":{"line":40,"column":4},"end":{"line":40,"column":67}},"11":{"start":{"line":41,"column":4},"end":{"line":41,"column":71}},"12":{"start":{"line":42,"column":4},"end":{"line":42,"column":57}},"13":{"start":{"line":43,"column":4},"end":{"line":43,"column":36}},"14":{"start":{"line":44,"column":4},"end":{"line":44,"column":42}},"15":{"start":{"line":45,"column":4},"end":{"line":45,"column":43}},"16":{"start":{"line":46,"column":4},"end":{"line":46,"column":42}},"17":{"start":{"line":47,"column":4},"end":{"line":47,"column":22}},"18":{"start":{"line":48,"column":4},"end":{"line":48,"column":41}},"19":{"start":{"line":49,"column":4},"end":{"line":49,"column":29}},"20":{"start":{"line":50,"column":4},"end":{"line":50,"column":49}},"21":{"start":{"line":51,"column":4},"end":{"line":51,"column":31}},"22":{"start":{"line":52,"column":4},"end":{"line":52,"column":45}},"23":{"start":{"line":53,"column":4},"end":{"line":53,"column":48}},"24":{"start":{"line":54,"column":4},"end":{"line":54,"column":57}},"25":{"start":{"line":55,"column":4},"end":{"line":55,"column":29}},"26":{"start":{"line":60,"column":17},"end":{"line":60,"column":61}},"27":{"start":{"line":61,"column":4},"end":{"line":61,"column":49}},"28":{"start":{"line":62,"column":4},"end":{"line":62,"column":69}},"29":{"start":{"line":63,"column":4},"end":{"line":63,"column":18}},"30":{"start":{"line":68,"column":4},"end":{"line":68,"column":30}},"31":{"start":{"line":69,"column":4},"end":{"line":69,"column":36}},"32":{"start":{"line":73,"column":4},"end":{"line":73,"column":30}},"33":{"start":{"line":74,"column":4},"end":{"line":74,"column":51}},"34":{"start":{"line":74,"column":35},"end":{"line":74,"column":49}},"35":{"start":{"line":75,"column":4},"end":{"line":75,"column":22}},"36":{"start":{"line":76,"column":4},"end":{"line":76,"column":41}},"37":{"start":{"line":77,"column":4},"end":{"line":77,"column":29}},"38":{"start":{"line":78,"column":4},"end":{"line":78,"column":73}},"39":{"start":{"line":79,"column":4},"end":{"line":79,"column":42}},"40":{"start":{"line":80,"column":4},"end":{"line":80,"column":48}},"41":{"start":{"line":84,"column":4},"end":{"line":88,"column":6}},"42":{"start":{"line":92,"column":4},"end":{"line":92,"column":40}},"43":{"start":{"line":96,"column":4},"end":{"line":96,"column":39}},"44":{"start":{"line":100,"column":4},"end":{"line":100,"column":42}},"45":{"start":{"line":101,"column":4},"end":{"line":104,"column":5}},"46":{"start":{"line":103,"column":6},"end":{"line":103,"column":79}},"47":{"start":{"line":105,"column":4},"end":{"line":105,"column":45}},"48":{"start":{"line":109,"column":4},"end":{"line":109,"column":41}},"49":{"start":{"line":110,"column":4},"end":{"line":113,"column":5}},"50":{"start":{"line":112,"column":6},"end":{"line":112,"column":79}},"51":{"start":{"line":114,"column":4},"end":{"line":114,"column":59}},"52":{"start":{"line":118,"column":24},"end":{"line":118,"column":38}},"53":{"start":{"line":119,"column":4},"end":{"line":122,"column":6}},"54":{"start":{"line":126,"column":4},"end":{"line":126,"column":40}},"55":{"start":{"line":131,"column":4},"end":{"line":131,"column":27}},"56":{"start":{"line":132,"column":4},"end":{"line":132,"column":37}},"57":{"start":{"line":133,"column":4},"end":{"line":135,"column":5}},"58":{"start":{"line":134,"column":6},"end":{"line":134,"column":79}},"59":{"start":{"line":136,"column":4},"end":{"line":136,"column":70}},"60":{"start":{"line":137,"column":4},"end":{"line":137,"column":35}},"61":{"start":{"line":141,"column":4},"end":{"line":160,"column":6}},"62":{"start":{"line":164,"column":0},"end":{"line":164,"column":73}},"63":{"start":{"line":169,"column":0},"end":{"line":169,"column":27}}},"fnMap":{"0":{"name":"(anonymous_0)","decl":{"start":{"line":15,"column":2},"end":{"line":15,"column":3}},"loc":{"start":{"line":15,"column":21},"end":{"line":56,"column":3}},"line":15},"1":{"name":"(anonymous_1)","decl":{"start":{"line":59,"column":2},"end":{"line":59,"column":3}},"loc":{"start":{"line":59,"column":18},"end":{"line":64,"column":3}},"line":59},"2":{"name":"(anonymous_2)","decl":{"start":{"line":67,"column":2},"end":{"line":67,"column":3}},"loc":{"start":{"line":67,"column":23},"end":{"line":70,"column":3}},"line":67},"3":{"name":"(anonymous_3)","decl":{"start":{"line":72,"column":2},"end":{"line":72,"column":3}},"loc":{"start":{"line":72,"column":25},"end":{"line":81,"column":3}},"line":72},"4":{"name":"(anonymous_4)","decl":{"start":{"line":74,"column":25},"end":{"line":74,"column":26}},"loc":{"start":{"line":74,"column":35},"end":{"line":74,"column":49}},"line":74},"5":{"name":"(anonymous_5)","decl":{"start":{"line":83,"column":2},"end":{"line":83,"column":3}},"loc":{"start":{"line":83,"column":23},"end":{"line":89,"column":3}},"line":83},"6":{"name":"(anonymous_6)","decl":{"start":{"line":91,"column":2},"end":{"line":91,"column":3}},"loc":{"start":{"line":91,"column":34},"end":{"line":93,"column":3}},"line":91},"7":{"name":"(anonymous_7)","decl":{"start":{"line":95,"column":2},"end":{"line":95,"column":3}},"loc":{"start":{"line":95,"column":34},"end":{"line":97,"column":3}},"line":95},"8":{"name":"(anonymous_8)","decl":{"start":{"line":99,"column":2},"end":{"line":99,"column":3}},"loc":{"start":{"line":99,"column":21},"end":{"line":106,"column":3}},"line":99},"9":{"name":"(anonymous_9)","decl":{"start":{"line":108,"column":2},"end":{"line":108,"column":3}},"loc":{"start":{"line":108,"column":25},"end":{"line":115,"column":3}},"line":108},"10":{"name":"(anonymous_10)","decl":{"start":{"line":117,"column":2},"end":{"line":117,"column":3}},"loc":{"start":{"line":117,"column":24},"end":{"line":123,"column":3}},"line":117},"11":{"name":"(anonymous_11)","decl":{"start":{"line":125,"column":2},"end":{"line":125,"column":3}},"loc":{"start":{"line":125,"column":15},"end":{"line":127,"column":3}},"line":125},"12":{"name":"(anonymous_12)","decl":{"start":{"line":130,"column":2},"end":{"line":130,"column":3}},"loc":{"start":{"line":130,"column":28},"end":{"line":138,"column":3}},"line":130},"13":{"name":"(anonymous_13)","decl":{"start":{"line":140,"column":2},"end":{"line":140,"column":3}},"loc":{"start":{"line":140,"column":11},"end":{"line":161,"column":3}},"line":140}},"branchMap":{"0":{"loc":{"start":{"line":101,"column":4},"end":{"line":104,"column":5}},"type":"if","locations":[{"start":{"line":101,"column":4},"end":{"line":104,"column":5}},{"start":{"line":101,"column":4},"end":{"line":104,"column":5}}],"line":101},"1":{"loc":{"start":{"line":110,"column":4},"end":{"line":113,"column":5}},"type":"if","locations":[{"start":{"line":110,"column":4},"end":{"line":113,"column":5}},{"start":{"line":110,"column":4},"end":{"line":113,"column":5}}],"line":110},"2":{"loc":{"start":{"line":133,"column":4},"end":{"line":135,"column":5}},"type":"if","locations":[{"start":{"line":133,"column":4},"end":{"line":135,"column":5}},{"start":{"line":133,"column":4},"end":{"line":135,"column":5}}],"line":133}},"s":{"0":0,"1":0,"2":0,"3":0,"4":0,"5":0,"6":0,"7":0,"8":0,"9":0,"10":0,"11":0,"12":0,"13":0,"14":0,"15":0,"16":0,"17":0,"18":0,"19":0,"20":0,"21":0,"22":0,"23":0,"24":0,"25":0,"26":0,"27":0,"28":0,"29":0,"30":0,"31":0,"32":0,"33":0,"34":0,"35":0,"36":0,"37":0,"38":0,"39":0,"40":0,"41":0,"42":0,"43":0,"44":0,"45":0,"46":0,"47":0,"48":0,"49":0,"50":0,"51":0,"52":0,"53":0,"54":0,"55":0,"56":0,"57":0,"58":0,"59":0,"60":0,"61":0,"62":0,"63":0},"f":{"0":0,"1":0,"2":0,"3":0,"4":0,"5":0,"6":0,"7":0,"8":0,"9":0,"10":0,"11":0,"12":0,"13":0},"b":{"0":[0,0],"1":[0,0],"2":[0,0]}},"c:\\Git\\tesis\\NodeProject\\src\\IrisCaller.js":{"path":"c:\\Git\\tesis\\NodeProject\\src\\IrisCaller.js","statementMap":{"0":{"start":{"line":6,"column":25},"end":{"line":9,"column":5}},"1":{"start":{"line":11,"column":4},"end":{"line":13,"column":5}},"2":{"start":{"line":12,"column":8},"end":{"line":12,"column":80}},"3":{"start":{"line":15,"column":4},"end":{"line":22,"column":5}},"4":{"start":{"line":27,"column":17},"end":{"line":32,"column":5}},"5":{"start":{"line":34,"column":17},"end":{"line":34,"column":19}},"6":{"start":{"line":36,"column":21},"end":{"line":39,"column":8}},"7":{"start":{"line":40,"column":17},"end":{"line":40,"column":38}},"8":{"start":{"line":41,"column":4},"end":{"line":41,"column":53}},"9":{"start":{"line":41,"column":27},"end":{"line":41,"column":51}},"10":{"start":{"line":41,"column":44},"end":{"line":41,"column":50}},"11":{"start":{"line":42,"column":4},"end":{"line":42,"column":18}}},"fnMap":{"0":{"name":"executeQuery","decl":{"start":{"line":4,"column":16},"end":{"line":4,"column":28}},"loc":{"start":{"line":4,"column":76},"end":{"line":23,"column":1}},"line":4},"1":{"name":"getIarRepairs","decl":{"start":{"line":25,"column":22},"end":{"line":25,"column":35}},"loc":{"start":{"line":25,"column":73},"end":{"line":43,"column":1}},"line":25},"2":{"name":"(anonymous_2)","decl":{"start":{"line":41,"column":22},"end":{"line":41,"column":23}},"loc":{"start":{"line":41,"column":27},"end":{"line":41,"column":51}},"line":41},"3":{"name":"(anonymous_3)","decl":{"start":{"line":41,"column":39},"end":{"line":41,"column":40}},"loc":{"start":{"line":41,"column":44},"end":{"line":41,"column":50}},"line":41}},"branchMap":{"0":{"loc":{"start":{"line":11,"column":4},"end":{"line":13,"column":5}},"type":"if","locations":[{"start":{"line":11,"column":4},"end":{"line":13,"column":5}},{"start":{"line":11,"column":4},"end":{"line":13,"column":5}}],"line":11}},"s":{"0":0,"1":0,"2":0,"3":0,"4":0,"5":0,"6":0,"7":0,"8":0,"9":0,"10":0,"11":0},"f":{"0":0,"1":0,"2":0,"3":0},"b":{"0":[0,0]}},"c:\\Git\\tesis\\NodeProject\\src\\LoadingSymbol.js":{"path":"c:\\Git\\tesis\\NodeProject\\src\\LoadingSymbol.js","statementMap":{"0":{"start":{"line":6,"column":6},"end":{"line":6,"column":19}},"1":{"start":{"line":10,"column":6},"end":{"line":10,"column":39}},"2":{"start":{"line":10,"column":27},"end":{"line":10,"column":39}},"3":{"start":{"line":11,"column":6},"end":{"line":19,"column":8}}},"fnMap":{"0":{"name":"(anonymous_0)","decl":{"start":{"line":5,"column":4},"end":{"line":5,"column":5}},"loc":{"start":{"line":5,"column":23},"end":{"line":7,"column":5}},"line":5},"1":{"name":"(anonymous_1)","decl":{"start":{"line":9,"column":4},"end":{"line":9,"column":5}},"loc":{"start":{"line":9,"column":13},"end":{"line":20,"column":5}},"line":9}},"branchMap":{"0":{"loc":{"start":{"line":10,"column":6},"end":{"line":10,"column":39}},"type":"if","locations":[{"start":{"line":10,"column":6},"end":{"line":10,"column":39}},{"start":{"line":10,"column":6},"end":{"line":10,"column":39}}],"line":10}},"s":{"0":0,"1":0,"2":0,"3":0},"f":{"0":0,"1":0},"b":{"0":[0,0]}},"c:\\Git\\tesis\\NodeProject\\src\\parser\\ArityDictionary.js":{"path":"c:\\Git\\tesis\\NodeProject\\src\\parser\\ArityDictionary.js","statementMap":{"0":{"start":{"line":3,"column":4},"end":{"line":3,"column":25}},"1":{"start":{"line":5,"column":15},"end":{"line":5,"column":19}},"2":{"start":{"line":6,"column":27},"end":{"line":6,"column":36}},"3":{"start":{"line":8,"column":4},"end":{"line":18,"column":5}},"4":{"start":{"line":9,"column":8},"end":{"line":17,"column":9}},"5":{"start":{"line":10,"column":12},"end":{"line":16,"column":13}},"6":{"start":{"line":11,"column":24},"end":{"line":11,"column":44}},"7":{"start":{"line":12,"column":16},"end":{"line":14,"column":17}},"8":{"start":{"line":12,"column":60},"end":{"line":12,"column":77}},"9":{"start":{"line":13,"column":20},"end":{"line":13,"column":56}},"10":{"start":{"line":15,"column":16},"end":{"line":15,"column":75}},"11":{"start":{"line":20,"column":4},"end":{"line":43,"column":5}},"12":{"start":{"line":21,"column":8},"end":{"line":41,"column":9}},"13":{"start":{"line":23,"column":47},"end":{"line":23,"column":49}},"14":{"start":{"line":24,"column":12},"end":{"line":33,"column":13}},"15":{"start":{"line":25,"column":39},"end":{"line":25,"column":69}},"16":{"start":{"line":26,"column":33},"end":{"line":26,"column":35}},"17":{"start":{"line":27,"column":16},"end":{"line":29,"column":17}},"18":{"start":{"line":28,"column":20},"end":{"line":28,"column":81}},"19":{"start":{"line":30,"column":16},"end":{"line":32,"column":17}},"20":{"start":{"line":31,"column":20},"end":{"line":31,"column":69}},"21":{"start":{"line":35,"column":12},"end":{"line":40,"column":13}},"22":{"start":{"line":36,"column":16},"end":{"line":36,"column":55}},"23":{"start":{"line":39,"column":16},"end":{"line":39,"column":118}},"24":{"start":{"line":42,"column":8},"end":{"line":42,"column":37}},"25":{"start":{"line":45,"column":4},"end":{"line":76,"column":5}},"26":{"start":{"line":47,"column":28},"end":{"line":47,"column":58}},"27":{"start":{"line":48,"column":28},"end":{"line":48,"column":30}},"28":{"start":{"line":49,"column":8},"end":{"line":58,"column":9}},"29":{"start":{"line":50,"column":12},"end":{"line":57,"column":14}},"30":{"start":{"line":51,"column":16},"end":{"line":56,"column":17}},"31":{"start":{"line":52,"column":20},"end":{"line":52,"column":42}},"32":{"start":{"line":55,"column":20},"end":{"line":55,"column":44}},"33":{"start":{"line":60,"column":25},"end":{"line":60,"column":75}},"34":{"start":{"line":61,"column":30},"end":{"line":61,"column":99}},"35":{"start":{"line":61,"column":67},"end":{"line":61,"column":97}},"36":{"start":{"line":62,"column":32},"end":{"line":62,"column":92}},"37":{"start":{"line":62,"column":71},"end":{"line":62,"column":91}},"38":{"start":{"line":64,"column":21},"end":{"line":64,"column":23}},"39":{"start":{"line":66,"column":8},"end":{"line":74,"column":9}},"40":{"start":{"line":68,"column":16},"end":{"line":72,"column":17}},"41":{"start":{"line":69,"column":20},"end":{"line":71,"column":21}},"42":{"start":{"line":69,"column":64},"end":{"line":69,"column":74}},"43":{"start":{"line":70,"column":23},"end":{"line":70,"column":72}},"44":{"start":{"line":75,"column":8},"end":{"line":75,"column":22}}},"fnMap":{"0":{"name":"ArityDictionary","decl":{"start":{"line":1,"column":16},"end":{"line":1,"column":31}},"loc":{"start":{"line":1,"column":33},"end":{"line":77,"column":1}},"line":1},"1":{"name":"(anonymous_1)","decl":{"start":{"line":8,"column":22},"end":{"line":8,"column":23}},"loc":{"start":{"line":8,"column":51},"end":{"line":18,"column":5}},"line":8},"2":{"name":"(anonymous_2)","decl":{"start":{"line":12,"column":55},"end":{"line":12,"column":56}},"loc":{"start":{"line":12,"column":60},"end":{"line":12,"column":77}},"line":12},"3":{"name":"(anonymous_3)","decl":{"start":{"line":20,"column":32},"end":{"line":20,"column":33}},"loc":{"start":{"line":20,"column":42},"end":{"line":43,"column":5}},"line":20},"4":{"name":"(anonymous_4)","decl":{"start":{"line":45,"column":47},"end":{"line":45,"column":48}},"loc":{"start":{"line":45,"column":70},"end":{"line":76,"column":5}},"line":45},"5":{"name":"(anonymous_5)","decl":{"start":{"line":50,"column":46},"end":{"line":50,"column":47}},"loc":{"start":{"line":50,"column":55},"end":{"line":57,"column":13}},"line":50},"6":{"name":"(anonymous_6)","decl":{"start":{"line":61,"column":62},"end":{"line":61,"column":63}},"loc":{"start":{"line":61,"column":67},"end":{"line":61,"column":97}},"line":61},"7":{"name":"(anonymous_7)","decl":{"start":{"line":62,"column":66},"end":{"line":62,"column":67}},"loc":{"start":{"line":62,"column":71},"end":{"line":62,"column":91}},"line":62},"8":{"name":"(anonymous_8)","decl":{"start":{"line":66,"column":35},"end":{"line":66,"column":36}},"loc":{"start":{"line":67,"column":12},"end":{"line":73,"column":13}},"line":67},"9":{"name":"(anonymous_9)","decl":{"start":{"line":69,"column":55},"end":{"line":69,"column":56}},"loc":{"start":{"line":69,"column":64},"end":{"line":69,"column":74}},"line":69}},"branchMap":{"0":{"loc":{"start":{"line":9,"column":8},"end":{"line":17,"column":9}},"type":"if","locations":[{"start":{"line":9,"column":8},"end":{"line":17,"column":9}},{"start":{"line":9,"column":8},"end":{"line":17,"column":9}}],"line":9},"1":{"loc":{"start":{"line":12,"column":16},"end":{"line":14,"column":17}},"type":"if","locations":[{"start":{"line":12,"column":16},"end":{"line":14,"column":17}},{"start":{"line":12,"column":16},"end":{"line":14,"column":17}}],"line":12},"2":{"loc":{"start":{"line":21,"column":8},"end":{"line":41,"column":9}},"type":"if","locations":[{"start":{"line":21,"column":8},"end":{"line":41,"column":9}},{"start":{"line":21,"column":8},"end":{"line":41,"column":9}}],"line":21},"3":{"loc":{"start":{"line":30,"column":16},"end":{"line":32,"column":17}},"type":"if","locations":[{"start":{"line":30,"column":16},"end":{"line":32,"column":17}},{"start":{"line":30,"column":16},"end":{"line":32,"column":17}}],"line":30},"4":{"loc":{"start":{"line":35,"column":12},"end":{"line":40,"column":13}},"type":"if","locations":[{"start":{"line":35,"column":12},"end":{"line":40,"column":13}},{"start":{"line":35,"column":12},"end":{"line":40,"column":13}}],"line":35},"5":{"loc":{"start":{"line":51,"column":16},"end":{"line":56,"column":17}},"type":"if","locations":[{"start":{"line":51,"column":16},"end":{"line":56,"column":17}},{"start":{"line":51,"column":16},"end":{"line":56,"column":17}}],"line":51},"6":{"loc":{"start":{"line":69,"column":20},"end":{"line":71,"column":21}},"type":"if","locations":[{"start":{"line":69,"column":20},"end":{"line":71,"column":21}},{"start":{"line":69,"column":20},"end":{"line":71,"column":21}}],"line":69}},"s":{"0":0,"1":0,"2":0,"3":0,"4":0,"5":0,"6":0,"7":0,"8":0,"9":0,"10":0,"11":0,"12":0,"13":0,"14":0,"15":0,"16":0,"17":0,"18":0,"19":0,"20":0,"21":0,"22":0,"23":0,"24":0,"25":0,"26":0,"27":0,"28":0,"29":0,"30":0,"31":0,"32":0,"33":0,"34":0,"35":0,"36":0,"37":0,"38":0,"39":0,"40":0,"41":0,"42":0,"43":0,"44":0},"f":{"0":0,"1":0,"2":0,"3":0,"4":0,"5":0,"6":0,"7":0,"8":0,"9":0},"b":{"0":[0,0],"1":[0,0],"2":[0,0],"3":[0,0],"4":[0,0],"5":[0,0],"6":[0,0]}},"c:\\Git\\tesis\\NodeProject\\src\\parser\\ArrayUtils.js":{"path":"c:\\Git\\tesis\\NodeProject\\src\\parser\\ArrayUtils.js","statementMap":{"0":{"start":{"line":2,"column":4},"end":{"line":6,"column":5}},"1":{"start":{"line":3,"column":8},"end":{"line":5,"column":11}},"2":{"start":{"line":4,"column":10},"end":{"line":4,"column":47}},"3":{"start":{"line":8,"column":4},"end":{"line":10,"column":5}},"4":{"start":{"line":9,"column":8},"end":{"line":9,"column":94}},"5":{"start":{"line":9,"column":68},"end":{"line":9,"column":92}}},"fnMap":{"0":{"name":"UpdateArrayPrototype","decl":{"start":{"line":1,"column":16},"end":{"line":1,"column":36}},"loc":{"start":{"line":1,"column":38},"end":{"line":11,"column":1}},"line":1},"1":{"name":"(anonymous_1)","decl":{"start":{"line":2,"column":29},"end":{"line":2,"column":30}},"loc":{"start":{"line":2,"column":40},"end":{"line":6,"column":5}},"line":2},"2":{"name":"(anonymous_2)","decl":{"start":{"line":3,"column":27},"end":{"line":3,"column":28}},"loc":{"start":{"line":3,"column":57},"end":{"line":5,"column":9}},"line":3},"3":{"name":"(anonymous_3)","decl":{"start":{"line":8,"column":39},"end":{"line":8,"column":40}},"loc":{"start":{"line":8,"column":61},"end":{"line":10,"column":5}},"line":8},"4":{"name":"(anonymous_4)","decl":{"start":{"line":9,"column":63},"end":{"line":9,"column":64}},"loc":{"start":{"line":9,"column":68},"end":{"line":9,"column":92}},"line":9}},"branchMap":{"0":{"loc":{"start":{"line":9,"column":15},"end":{"line":9,"column":93}},"type":"binary-expr","locations":[{"start":{"line":9,"column":15},"end":{"line":9,"column":48}},{"start":{"line":9,"column":52},"end":{"line":9,"column":93}}],"line":9}},"s":{"0":0,"1":0,"2":0,"3":0,"4":0,"5":0},"f":{"0":0,"1":0,"2":0,"3":0,"4":0},"b":{"0":[0,0]}},"c:\\Git\\tesis\\NodeProject\\src\\parser\\bodyBuilder.js":{"path":"c:\\Git\\tesis\\NodeProject\\src\\parser\\bodyBuilder.js","statementMap":{"0":{"start":{"line":7,"column":13},"end":{"line":32,"column":2}},"1":{"start":{"line":8,"column":19},"end":{"line":8,"column":104}},"2":{"start":{"line":9,"column":28},"end":{"line":9,"column":30}},"3":{"start":{"line":10,"column":2},"end":{"line":12,"column":3}},"4":{"start":{"line":11,"column":3},"end":{"line":11,"column":74}},"5":{"start":{"line":13,"column":2},"end":{"line":31,"column":4}},"6":{"start":{"line":15,"column":30},"end":{"line":15,"column":84}},"7":{"start":{"line":15,"column":67},"end":{"line":15,"column":83}},"8":{"start":{"line":17,"column":4},"end":{"line":17,"column":56}},"9":{"start":{"line":17,"column":31},"end":{"line":17,"column":43}},"10":{"start":{"line":20,"column":17},"end":{"line":20,"column":19}},"11":{"start":{"line":21,"column":4},"end":{"line":28,"column":7}},"12":{"start":{"line":22,"column":5},"end":{"line":27,"column":6}},"13":{"start":{"line":23,"column":6},"end":{"line":23,"column":63}},"14":{"start":{"line":26,"column":6},"end":{"line":26,"column":61}},"15":{"start":{"line":29,"column":4},"end":{"line":29,"column":18}},"16":{"start":{"line":34,"column":1},"end":{"line":36,"column":2}},"17":{"start":{"line":39,"column":23},"end":{"line":39,"column":33}}},"fnMap":{"0":{"name":"_builder","decl":{"start":{"line":5,"column":9},"end":{"line":5,"column":17}},"loc":{"start":{"line":5,"column":19},"end":{"line":37,"column":1}},"line":5},"1":{"name":"(anonymous_1)","decl":{"start":{"line":7,"column":13},"end":{"line":7,"column":14}},"loc":{"start":{"line":7,"column":31},"end":{"line":32,"column":2}},"line":7},"2":{"name":"(anonymous_2)","decl":{"start":{"line":15,"column":17},"end":{"line":15,"column":18}},"loc":{"start":{"line":15,"column":28},"end":{"line":15,"column":85}},"line":15},"3":{"name":"(anonymous_3)","decl":{"start":{"line":15,"column":62},"end":{"line":15,"column":63}},"loc":{"start":{"line":15,"column":67},"end":{"line":15,"column":83}},"line":15},"4":{"name":"(anonymous_4)","decl":{"start":{"line":16,"column":14},"end":{"line":16,"column":15}},"loc":{"start":{"line":16,"column":24},"end":{"line":18,"column":4}},"line":16},"5":{"name":"(anonymous_5)","decl":{"start":{"line":17,"column":26},"end":{"line":17,"column":27}},"loc":{"start":{"line":17,"column":31},"end":{"line":17,"column":43}},"line":17},"6":{"name":"(anonymous_6)","decl":{"start":{"line":19,"column":13},"end":{"line":19,"column":14}},"loc":{"start":{"line":19,"column":23},"end":{"line":30,"column":4}},"line":19},"7":{"name":"(anonymous_7)","decl":{"start":{"line":21,"column":28},"end":{"line":21,"column":29}},"loc":{"start":{"line":21,"column":41},"end":{"line":28,"column":5}},"line":21}},"branchMap":{"0":{"loc":{"start":{"line":22,"column":5},"end":{"line":27,"column":6}},"type":"if","locations":[{"start":{"line":22,"column":5},"end":{"line":27,"column":6}},{"start":{"line":22,"column":5},"end":{"line":27,"column":6}}],"line":22}},"s":{"0":0,"1":0,"2":0,"3":0,"4":0,"5":0,"6":0,"7":0,"8":0,"9":0,"10":0,"11":0,"12":0,"13":0,"14":0,"15":0,"16":0,"17":0},"f":{"0":0,"1":0,"2":0,"3":0,"4":0,"5":0,"6":0,"7":0},"b":{"0":[0,0]}},"c:\\Git\\tesis\\NodeProject\\src\\parser\\egdBuilder.js":{"path":"c:\\Git\\tesis\\NodeProject\\src\\parser\\egdBuilder.js","statementMap":{"0":{"start":{"line":7,"column":13},"end":{"line":7,"column":76}},"1":{"start":{"line":8,"column":14},"end":{"line":8,"column":77}},"2":{"start":{"line":9,"column":2},"end":{"line":9,"column":40}},"3":{"start":{"line":13,"column":2},"end":{"line":13,"column":54}},"4":{"start":{"line":13,"column":44},"end":{"line":13,"column":50}},"5":{"start":{"line":17,"column":1},"end":{"line":74,"column":3}},"6":{"start":{"line":19,"column":16},"end":{"line":19,"column":32}},"7":{"start":{"line":20,"column":21},"end":{"line":20,"column":40}},"8":{"start":{"line":21,"column":15},"end":{"line":21,"column":52}},"9":{"start":{"line":21,"column":35},"end":{"line":21,"column":51}},"10":{"start":{"line":23,"column":4},"end":{"line":72,"column":5}},"11":{"start":{"line":27,"column":21},"end":{"line":27,"column":98}},"12":{"start":{"line":27,"column":40},"end":{"line":27,"column":86}},"13":{"start":{"line":28,"column":6},"end":{"line":33,"column":19}},"14":{"start":{"line":77,"column":23},"end":{"line":77,"column":33}}},"fnMap":{"0":{"name":"_builder","decl":{"start":{"line":4,"column":9},"end":{"line":4,"column":17}},"loc":{"start":{"line":4,"column":19},"end":{"line":75,"column":1}},"line":4},"1":{"name":"buildEquality","decl":{"start":{"line":6,"column":10},"end":{"line":6,"column":23}},"loc":{"start":{"line":6,"column":37},"end":{"line":10,"column":2}},"line":6},"2":{"name":"eliminateDuplicates","decl":{"start":{"line":12,"column":10},"end":{"line":12,"column":29}},"loc":{"start":{"line":12,"column":37},"end":{"line":14,"column":2}},"line":12},"3":{"name":"(anonymous_3)","decl":{"start":{"line":13,"column":39},"end":{"line":13,"column":40}},"loc":{"start":{"line":13,"column":44},"end":{"line":13,"column":50}},"line":13},"4":{"name":"(anonymous_4)","decl":{"start":{"line":18,"column":11},"end":{"line":18,"column":12}},"loc":{"start":{"line":18,"column":25},"end":{"line":73,"column":4}},"line":18},"5":{"name":"(anonymous_5)","decl":{"start":{"line":21,"column":30},"end":{"line":21,"column":31}},"loc":{"start":{"line":21,"column":35},"end":{"line":21,"column":51}},"line":21},"6":{"name":"(anonymous_6)","decl":{"start":{"line":26,"column":16},"end":{"line":26,"column":17}},"loc":{"start":{"line":26,"column":26},"end":{"line":34,"column":6}},"line":26},"7":{"name":"(anonymous_7)","decl":{"start":{"line":27,"column":35},"end":{"line":27,"column":36}},"loc":{"start":{"line":27,"column":40},"end":{"line":27,"column":86}},"line":27}},"branchMap":{},"s":{"0":0,"1":0,"2":0,"3":0,"4":0,"5":0,"6":0,"7":0,"8":0,"9":0,"10":0,"11":0,"12":0,"13":0,"14":0},"f":{"0":0,"1":0,"2":0,"3":0,"4":0,"5":0,"6":0,"7":0},"b":{}},"c:\\Git\\tesis\\NodeProject\\src\\parser\\existencialQueryBuilder.js":{"path":"c:\\Git\\tesis\\NodeProject\\src\\parser\\existencialQueryBuilder.js","statementMap":{"0":{"start":{"line":7,"column":1},"end":{"line":49,"column":2}},"1":{"start":{"line":10,"column":28},"end":{"line":10,"column":44}},"2":{"start":{"line":11,"column":28},"end":{"line":11,"column":47}},"3":{"start":{"line":12,"column":33},"end":{"line":12,"column":49}},"4":{"start":{"line":13,"column":15},"end":{"line":13,"column":36}},"5":{"start":{"line":14,"column":14},"end":{"line":14,"column":55}},"6":{"start":{"line":15,"column":20},"end":{"line":15,"column":35}},"7":{"start":{"line":16,"column":35},"end":{"line":16,"column":94}},"8":{"start":{"line":17,"column":25},"end":{"line":17,"column":119}},"9":{"start":{"line":17,"column":63},"end":{"line":17,"column":68}},"10":{"start":{"line":17,"column":79},"end":{"line":17,"column":118}},"11":{"start":{"line":19,"column":3},"end":{"line":47,"column":4}},"12":{"start":{"line":24,"column":39},"end":{"line":24,"column":78}},"13":{"start":{"line":26,"column":20},"end":{"line":26,"column":150}},"14":{"start":{"line":26,"column":80},"end":{"line":26,"column":92}},"15":{"start":{"line":28,"column":57},"end":{"line":28,"column":102}},"16":{"start":{"line":31,"column":28},"end":{"line":31,"column":117}},"17":{"start":{"line":32,"column":23},"end":{"line":32,"column":38}},"18":{"start":{"line":33,"column":21},"end":{"line":33,"column":37}},"19":{"start":{"line":34,"column":21},"end":{"line":34,"column":35}},"20":{"start":{"line":35,"column":5},"end":{"line":45,"column":7}},"21":{"start":{"line":36,"column":53},"end":{"line":36,"column":91}},"22":{"start":{"line":36,"column":78},"end":{"line":36,"column":90}},"23":{"start":{"line":37,"column":6},"end":{"line":44,"column":9}},"24":{"start":{"line":39,"column":7},"end":{"line":39,"column":39}},"25":{"start":{"line":40,"column":7},"end":{"line":42,"column":8}},"26":{"start":{"line":41,"column":8},"end":{"line":41,"column":63}},"27":{"start":{"line":43,"column":7},"end":{"line":43,"column":20}},"28":{"start":{"line":52,"column":23},"end":{"line":52,"column":33}}},"fnMap":{"0":{"name":"_builder","decl":{"start":{"line":5,"column":9},"end":{"line":5,"column":17}},"loc":{"start":{"line":5,"column":19},"end":{"line":50,"column":1}},"line":5},"1":{"name":"(anonymous_1)","decl":{"start":{"line":8,"column":10},"end":{"line":8,"column":11}},"loc":{"start":{"line":8,"column":29},"end":{"line":48,"column":3}},"line":8},"2":{"name":"(anonymous_2)","decl":{"start":{"line":17,"column":58},"end":{"line":17,"column":59}},"loc":{"start":{"line":17,"column":63},"end":{"line":17,"column":68}},"line":17},"3":{"name":"(anonymous_3)","decl":{"start":{"line":17,"column":74},"end":{"line":17,"column":75}},"loc":{"start":{"line":17,"column":79},"end":{"line":17,"column":118}},"line":17},"4":{"name":"(anonymous_4)","decl":{"start":{"line":24,"column":27},"end":{"line":24,"column":28}},"loc":{"start":{"line":24,"column":38},"end":{"line":24,"column":79}},"line":24},"5":{"name":"(anonymous_5)","decl":{"start":{"line":25,"column":15},"end":{"line":25,"column":16}},"loc":{"start":{"line":25,"column":25},"end":{"line":27,"column":18}},"line":25},"6":{"name":"(anonymous_6)","decl":{"start":{"line":26,"column":75},"end":{"line":26,"column":76}},"loc":{"start":{"line":26,"column":80},"end":{"line":26,"column":92}},"line":26},"7":{"name":"(anonymous_7)","decl":{"start":{"line":28,"column":45},"end":{"line":28,"column":46}},"loc":{"start":{"line":28,"column":55},"end":{"line":28,"column":104}},"line":28},"8":{"name":"(anonymous_8)","decl":{"start":{"line":30,"column":14},"end":{"line":30,"column":15}},"loc":{"start":{"line":30,"column":31},"end":{"line":46,"column":5}},"line":30},"9":{"name":"(anonymous_9)","decl":{"start":{"line":35,"column":24},"end":{"line":35,"column":25}},"loc":{"start":{"line":35,"column":35},"end":{"line":45,"column":6}},"line":35},"10":{"name":"(anonymous_10)","decl":{"start":{"line":36,"column":73},"end":{"line":36,"column":74}},"loc":{"start":{"line":36,"column":78},"end":{"line":36,"column":90}},"line":36},"11":{"name":"(anonymous_11)","decl":{"start":{"line":38,"column":12},"end":{"line":38,"column":13}},"loc":{"start":{"line":38,"column":19},"end":{"line":44,"column":7}},"line":38}},"branchMap":{"0":{"loc":{"start":{"line":12,"column":33},"end":{"line":12,"column":49}},"type":"cond-expr","locations":[{"start":{"line":12,"column":44},"end":{"line":12,"column":45}},{"start":{"line":12,"column":48},"end":{"line":12,"column":49}}],"line":12},"1":{"loc":{"start":{"line":26,"column":28},"end":{"line":26,"column":48}},"type":"cond-expr","locations":[{"start":{"line":26,"column":40},"end":{"line":26,"column":43}},{"start":{"line":26,"column":46},"end":{"line":26,"column":48}}],"line":26},"2":{"loc":{"start":{"line":40,"column":7},"end":{"line":42,"column":8}},"type":"if","locations":[{"start":{"line":40,"column":7},"end":{"line":42,"column":8}},{"start":{"line":40,"column":7},"end":{"line":42,"column":8}}],"line":40}},"s":{"0":0,"1":0,"2":0,"3":0,"4":0,"5":0,"6":0,"7":0,"8":0,"9":0,"10":0,"11":0,"12":0,"13":0,"14":0,"15":0,"16":0,"17":0,"18":0,"19":0,"20":0,"21":0,"22":0,"23":0,"24":0,"25":0,"26":0,"27":0,"28":0},"f":{"0":0,"1":0,"2":0,"3":0,"4":0,"5":0,"6":0,"7":0,"8":0,"9":0,"10":0,"11":0},"b":{"0":[0,0],"1":[0,0],"2":[0,0]}},"c:\\Git\\tesis\\NodeProject\\src\\parser\\factBuilder.js":{"path":"c:\\Git\\tesis\\NodeProject\\src\\parser\\factBuilder.js","statementMap":{"0":{"start":{"line":5,"column":1},"end":{"line":21,"column":2}},"1":{"start":{"line":8,"column":19},"end":{"line":8,"column":77}},"2":{"start":{"line":9,"column":3},"end":{"line":19,"column":4}},"3":{"start":{"line":12,"column":27},"end":{"line":12,"column":70}},"4":{"start":{"line":15,"column":18},"end":{"line":15,"column":20}},"5":{"start":{"line":16,"column":5},"end":{"line":16,"column":50}},"6":{"start":{"line":17,"column":5},"end":{"line":17,"column":19}},"7":{"start":{"line":24,"column":23},"end":{"line":24,"column":33}}},"fnMap":{"0":{"name":"_builder","decl":{"start":{"line":3,"column":9},"end":{"line":3,"column":17}},"loc":{"start":{"line":3,"column":19},"end":{"line":22,"column":1}},"line":3},"1":{"name":"(anonymous_1)","decl":{"start":{"line":7,"column":10},"end":{"line":7,"column":11}},"loc":{"start":{"line":7,"column":28},"end":{"line":20,"column":3}},"line":7},"2":{"name":"(anonymous_2)","decl":{"start":{"line":12,"column":15},"end":{"line":12,"column":16}},"loc":{"start":{"line":12,"column":25},"end":{"line":12,"column":72}},"line":12},"3":{"name":"(anonymous_3)","decl":{"start":{"line":14,"column":14},"end":{"line":14,"column":15}},"loc":{"start":{"line":14,"column":25},"end":{"line":18,"column":5}},"line":14}},"branchMap":{},"s":{"0":0,"1":0,"2":0,"3":0,"4":0,"5":0,"6":0,"7":0},"f":{"0":0,"1":0,"2":0,"3":0},"b":{}},"c:\\Git\\tesis\\NodeProject\\src\\parser\\initServicesAndBuilders.js":{"path":"c:\\Git\\tesis\\NodeProject\\src\\parser\\initServicesAndBuilders.js","statementMap":{"0":{"start":{"line":15,"column":21},"end":{"line":15,"column":35}},"1":{"start":{"line":16,"column":25},"end":{"line":16,"column":43}},"2":{"start":{"line":17,"column":25},"end":{"line":17,"column":43}},"3":{"start":{"line":18,"column":19},"end":{"line":18,"column":31}},"4":{"start":{"line":19,"column":18},"end":{"line":19,"column":29}},"5":{"start":{"line":20,"column":19},"end":{"line":20,"column":31}},"6":{"start":{"line":21,"column":20},"end":{"line":21,"column":33}},"7":{"start":{"line":22,"column":21},"end":{"line":22,"column":35}},"8":{"start":{"line":24,"column":1},"end":{"line":33,"column":2}}},"fnMap":{"0":{"name":"initServicesAndBuilders","decl":{"start":{"line":13,"column":16},"end":{"line":13,"column":39}},"loc":{"start":{"line":13,"column":41},"end":{"line":34,"column":1}},"line":13}},"branchMap":{},"s":{"0":0,"1":0,"2":0,"3":0,"4":0,"5":0,"6":0,"7":0,"8":0},"f":{"0":0},"b":{}},"c:\\Git\\tesis\\NodeProject\\src\\parser\\keyBuilder.js":{"path":"c:\\Git\\tesis\\NodeProject\\src\\parser\\keyBuilder.js","statementMap":{"0":{"start":{"line":5,"column":10},"end":{"line":5,"column":11}},"1":{"start":{"line":6,"column":19},"end":{"line":6,"column":21}},"2":{"start":{"line":8,"column":2},"end":{"line":16,"column":3}},"3":{"start":{"line":9,"column":3},"end":{"line":14,"column":4}},"4":{"start":{"line":10,"column":4},"end":{"line":10,"column":48}},"5":{"start":{"line":13,"column":4},"end":{"line":13,"column":30}},"6":{"start":{"line":15,"column":3},"end":{"line":15,"column":7}},"7":{"start":{"line":18,"column":2},"end":{"line":18,"column":59}},"8":{"start":{"line":21,"column":1},"end":{"line":64,"column":2}},"9":{"start":{"line":23,"column":4},"end":{"line":62,"column":4}},"10":{"start":{"line":28,"column":6},"end":{"line":29,"column":108}},"11":{"start":{"line":32,"column":6},"end":{"line":32,"column":85}},"12":{"start":{"line":36,"column":23},"end":{"line":36,"column":89}},"13":{"start":{"line":37,"column":18},"end":{"line":37,"column":83}},"14":{"start":{"line":38,"column":15},"end":{"line":38,"column":74}},"15":{"start":{"line":39,"column":15},"end":{"line":39,"column":74}},"16":{"start":{"line":42,"column":25},"end":{"line":42,"column":27}},"17":{"start":{"line":43,"column":14},"end":{"line":43,"column":15}},"18":{"start":{"line":44,"column":6},"end":{"line":49,"column":7}},"19":{"start":{"line":45,"column":7},"end":{"line":47,"column":8}},"20":{"start":{"line":46,"column":8},"end":{"line":46,"column":70}},"21":{"start":{"line":48,"column":7},"end":{"line":48,"column":11}},"22":{"start":{"line":51,"column":20},"end":{"line":51,"column":22}},"23":{"start":{"line":53,"column":6},"end":{"line":55,"column":8}},"24":{"start":{"line":54,"column":7},"end":{"line":54,"column":61}},"25":{"start":{"line":57,"column":6},"end":{"line":57,"column":32}},"26":{"start":{"line":60,"column":6},"end":{"line":60,"column":74}},"27":{"start":{"line":67,"column":23},"end":{"line":67,"column":33}}},"fnMap":{"0":{"name":"_builder","decl":{"start":{"line":1,"column":9},"end":{"line":1,"column":17}},"loc":{"start":{"line":1,"column":19},"end":{"line":65,"column":1}},"line":1},"1":{"name":"buildPredicate","decl":{"start":{"line":3,"column":10},"end":{"line":3,"column":24}},"loc":{"start":{"line":3,"column":77},"end":{"line":19,"column":2}},"line":3},"2":{"name":"(anonymous_2)","decl":{"start":{"line":22,"column":11},"end":{"line":22,"column":12}},"loc":{"start":{"line":22,"column":25},"end":{"line":63,"column":3}},"line":22},"3":{"name":"(anonymous_3)","decl":{"start":{"line":27,"column":24},"end":{"line":27,"column":25}},"loc":{"start":{"line":27,"column":37},"end":{"line":30,"column":6}},"line":27},"4":{"name":"(anonymous_4)","decl":{"start":{"line":31,"column":15},"end":{"line":31,"column":16}},"loc":{"start":{"line":31,"column":25},"end":{"line":33,"column":6}},"line":31},"5":{"name":"(anonymous_5)","decl":{"start":{"line":34,"column":20},"end":{"line":34,"column":21}},"loc":{"start":{"line":34,"column":37},"end":{"line":58,"column":6}},"line":34},"6":{"name":"(anonymous_6)","decl":{"start":{"line":53,"column":28},"end":{"line":53,"column":29}},"loc":{"start":{"line":53,"column":36},"end":{"line":55,"column":7}},"line":53},"7":{"name":"(anonymous_7)","decl":{"start":{"line":59,"column":26},"end":{"line":59,"column":27}},"loc":{"start":{"line":59,"column":43},"end":{"line":61,"column":6}},"line":59}},"branchMap":{"0":{"loc":{"start":{"line":9,"column":3},"end":{"line":14,"column":4}},"type":"if","locations":[{"start":{"line":9,"column":3},"end":{"line":14,"column":4}},{"start":{"line":9,"column":3},"end":{"line":14,"column":4}}],"line":9},"1":{"loc":{"start":{"line":28,"column":13},"end":{"line":29,"column":107}},"type":"binary-expr","locations":[{"start":{"line":28,"column":13},"end":{"line":28,"column":54}},{"start":{"line":29,"column":8},"end":{"line":29,"column":65}},{"start":{"line":29,"column":69},"end":{"line":29,"column":106}}],"line":28},"2":{"loc":{"start":{"line":45,"column":7},"end":{"line":47,"column":8}},"type":"if","locations":[{"start":{"line":45,"column":7},"end":{"line":47,"column":8}},{"start":{"line":45,"column":7},"end":{"line":47,"column":8}}],"line":45}},"s":{"0":0,"1":0,"2":0,"3":0,"4":0,"5":0,"6":0,"7":0,"8":0,"9":0,"10":0,"11":0,"12":0,"13":0,"14":0,"15":0,"16":0,"17":0,"18":0,"19":0,"20":0,"21":0,"22":0,"23":0,"24":0,"25":0,"26":0,"27":0},"f":{"0":0,"1":0,"2":0,"3":0,"4":0,"5":0,"6":0,"7":0},"b":{"0":[0,0],"1":[0,0,0],"2":[0,0]}},"c:\\Git\\tesis\\NodeProject\\src\\parser\\ncBuilder.js":{"path":"c:\\Git\\tesis\\NodeProject\\src\\parser\\ncBuilder.js","statementMap":{"0":{"start":{"line":6,"column":1},"end":{"line":29,"column":2}},"1":{"start":{"line":8,"column":16},"end":{"line":8,"column":32}},"2":{"start":{"line":9,"column":4},"end":{"line":27,"column":5}},"3":{"start":{"line":12,"column":6},"end":{"line":12,"column":59}},"4":{"start":{"line":15,"column":6},"end":{"line":15,"column":79}},"5":{"start":{"line":19,"column":6},"end":{"line":19,"column":47}},"6":{"start":{"line":22,"column":6},"end":{"line":22,"column":33}},"7":{"start":{"line":25,"column":6},"end":{"line":25,"column":90}},"8":{"start":{"line":32,"column":23},"end":{"line":32,"column":33}}},"fnMap":{"0":{"name":"_builder","decl":{"start":{"line":4,"column":9},"end":{"line":4,"column":17}},"loc":{"start":{"line":4,"column":19},"end":{"line":30,"column":1}},"line":4},"1":{"name":"(anonymous_1)","decl":{"start":{"line":7,"column":11},"end":{"line":7,"column":12}},"loc":{"start":{"line":7,"column":25},"end":{"line":28,"column":3}},"line":7},"2":{"name":"(anonymous_2)","decl":{"start":{"line":11,"column":16},"end":{"line":11,"column":17}},"loc":{"start":{"line":11,"column":26},"end":{"line":13,"column":6}},"line":11},"3":{"name":"(anonymous_3)","decl":{"start":{"line":14,"column":23},"end":{"line":14,"column":24}},"loc":{"start":{"line":14,"column":33},"end":{"line":16,"column":6}},"line":14},"4":{"name":"(anonymous_4)","decl":{"start":{"line":18,"column":14},"end":{"line":18,"column":15}},"loc":{"start":{"line":18,"column":26},"end":{"line":20,"column":6}},"line":18},"5":{"name":"(anonymous_5)","decl":{"start":{"line":21,"column":15},"end":{"line":21,"column":16}},"loc":{"start":{"line":21,"column":25},"end":{"line":23,"column":6}},"line":21},"6":{"name":"(anonymous_6)","decl":{"start":{"line":24,"column":26},"end":{"line":24,"column":27}},"loc":{"start":{"line":24,"column":43},"end":{"line":26,"column":6}},"line":24}},"branchMap":{},"s":{"0":0,"1":0,"2":0,"3":0,"4":0,"5":0,"6":0,"7":0,"8":0},"f":{"0":0,"1":0,"2":0,"3":0,"4":0,"5":0,"6":0},"b":{}},"c:\\Git\\tesis\\NodeProject\\src\\parser\\parameterBuilder.js":{"path":"c:\\Git\\tesis\\NodeProject\\src\\parser\\parameterBuilder.js","statementMap":{"0":{"start":{"line":3,"column":1},"end":{"line":21,"column":2}},"1":{"start":{"line":5,"column":4},"end":{"line":12,"column":5}},"2":{"start":{"line":6,"column":16},"end":{"line":6,"column":38}},"3":{"start":{"line":7,"column":5},"end":{"line":11,"column":7}},"4":{"start":{"line":10,"column":30},"end":{"line":10,"column":52}},"5":{"start":{"line":13,"column":4},"end":{"line":19,"column":5}},"6":{"start":{"line":14,"column":5},"end":{"line":18,"column":8}},"7":{"start":{"line":17,"column":30},"end":{"line":17,"column":59}},"8":{"start":{"line":24,"column":23},"end":{"line":24,"column":33}}},"fnMap":{"0":{"name":"_builder","decl":{"start":{"line":1,"column":9},"end":{"line":1,"column":17}},"loc":{"start":{"line":1,"column":19},"end":{"line":22,"column":1}},"line":1},"1":{"name":"(anonymous_1)","decl":{"start":{"line":4,"column":11},"end":{"line":4,"column":12}},"loc":{"start":{"line":4,"column":30},"end":{"line":20,"column":3}},"line":4},"2":{"name":"(anonymous_2)","decl":{"start":{"line":10,"column":17},"end":{"line":10,"column":18}},"loc":{"start":{"line":10,"column":28},"end":{"line":10,"column":54}},"line":10},"3":{"name":"(anonymous_3)","decl":{"start":{"line":17,"column":17},"end":{"line":17,"column":18}},"loc":{"start":{"line":17,"column":28},"end":{"line":17,"column":60}},"line":17}},"branchMap":{"0":{"loc":{"start":{"line":5,"column":4},"end":{"line":12,"column":5}},"type":"if","locations":[{"start":{"line":5,"column":4},"end":{"line":12,"column":5}},{"start":{"line":5,"column":4},"end":{"line":12,"column":5}}],"line":5},"1":{"loc":{"start":{"line":13,"column":4},"end":{"line":19,"column":5}},"type":"if","locations":[{"start":{"line":13,"column":4},"end":{"line":19,"column":5}},{"start":{"line":13,"column":4},"end":{"line":19,"column":5}}],"line":13}},"s":{"0":0,"1":0,"2":0,"3":0,"4":0,"5":0,"6":0,"7":0,"8":0},"f":{"0":0,"1":0,"2":0,"3":0},"b":{"0":[0,0],"1":[0,0]}},"c:\\Git\\tesis\\NodeProject\\src\\parser\\parser.js":{"path":"c:\\Git\\tesis\\NodeProject\\src\\parser\\parser.js","statementMap":{"0":{"start":{"line":13,"column":12},"end":{"line":13,"column":14}},"1":{"start":{"line":14,"column":13},"end":{"line":14,"column":15}},"2":{"start":{"line":15,"column":11},"end":{"line":15,"column":13}},"3":{"start":{"line":16,"column":12},"end":{"line":16,"column":14}},"4":{"start":{"line":17,"column":15},"end":{"line":17,"column":17}},"5":{"start":{"line":18,"column":14},"end":{"line":18,"column":16}},"6":{"start":{"line":20,"column":13},"end":{"line":20,"column":32}},"7":{"start":{"line":22,"column":23},"end":{"line":22,"column":44}},"8":{"start":{"line":24,"column":24},"end":{"line":24,"column":26}},"9":{"start":{"line":26,"column":24},"end":{"line":33,"column":2}},"10":{"start":{"line":36,"column":1},"end":{"line":58,"column":2}},"11":{"start":{"line":37,"column":16},"end":{"line":37,"column":21}},"12":{"start":{"line":38,"column":2},"end":{"line":48,"column":5}},"13":{"start":{"line":39,"column":3},"end":{"line":47,"column":4}},"14":{"start":{"line":40,"column":23},"end":{"line":40,"column":95}},"15":{"start":{"line":41,"column":4},"end":{"line":41,"column":50}},"16":{"start":{"line":42,"column":4},"end":{"line":42,"column":19}},"17":{"start":{"line":43,"column":4},"end":{"line":43,"column":79}},"18":{"start":{"line":44,"column":4},"end":{"line":46,"column":5}},"19":{"start":{"line":45,"column":5},"end":{"line":45,"column":59}},"20":{"start":{"line":49,"column":2},"end":{"line":57,"column":3}},"21":{"start":{"line":50,"column":3},"end":{"line":56,"column":4}},"22":{"start":{"line":51,"column":4},"end":{"line":51,"column":49}},"23":{"start":{"line":52,"column":4},"end":{"line":52,"column":76}},"24":{"start":{"line":55,"column":4},"end":{"line":55,"column":69}},"25":{"start":{"line":60,"column":1},"end":{"line":208,"column":5}},"26":{"start":{"line":67,"column":5},"end":{"line":67,"column":38}},"27":{"start":{"line":68,"column":5},"end":{"line":68,"column":47}},"28":{"start":{"line":69,"column":5},"end":{"line":69,"column":27}},"29":{"start":{"line":73,"column":32},"end":{"line":73,"column":74}},"30":{"start":{"line":73,"column":61},"end":{"line":73,"column":73}},"31":{"start":{"line":74,"column":29},"end":{"line":74,"column":69}},"32":{"start":{"line":74,"column":57},"end":{"line":74,"column":68}},"33":{"start":{"line":75,"column":28},"end":{"line":75,"column":86}},"34":{"start":{"line":75,"column":56},"end":{"line":75,"column":85}},"35":{"start":{"line":77,"column":5},"end":{"line":77,"column":90}},"36":{"start":{"line":80,"column":5},"end":{"line":80,"column":73}},"37":{"start":{"line":83,"column":5},"end":{"line":83,"column":52}},"38":{"start":{"line":87,"column":5},"end":{"line":94,"column":6}},"39":{"start":{"line":88,"column":6},"end":{"line":88,"column":31}},"40":{"start":{"line":89,"column":6},"end":{"line":93,"column":9}},"41":{"start":{"line":90,"column":7},"end":{"line":92,"column":8}},"42":{"start":{"line":91,"column":8},"end":{"line":91,"column":39}},"43":{"start":{"line":95,"column":5},"end":{"line":95,"column":33}},"44":{"start":{"line":99,"column":5},"end":{"line":116,"column":6}},"45":{"start":{"line":100,"column":6},"end":{"line":110,"column":10}},"46":{"start":{"line":101,"column":7},"end":{"line":109,"column":11}},"47":{"start":{"line":102,"column":8},"end":{"line":107,"column":9}},"48":{"start":{"line":103,"column":9},"end":{"line":103,"column":48}},"49":{"start":{"line":106,"column":9},"end":{"line":106,"column":35}},"50":{"start":{"line":108,"column":8},"end":{"line":108,"column":57}},"51":{"start":{"line":113,"column":6},"end":{"line":115,"column":8}},"52":{"start":{"line":114,"column":7},"end":{"line":114,"column":56}},"53":{"start":{"line":120,"column":5},"end":{"line":123,"column":6}},"54":{"start":{"line":122,"column":6},"end":{"line":122,"column":59}},"55":{"start":{"line":124,"column":5},"end":{"line":124,"column":42}},"56":{"start":{"line":128,"column":18},"end":{"line":128,"column":20}},"57":{"start":{"line":129,"column":26},"end":{"line":129,"column":30}},"58":{"start":{"line":130,"column":19},"end":{"line":140,"column":6}},"59":{"start":{"line":131,"column":6},"end":{"line":139,"column":8}},"60":{"start":{"line":132,"column":7},"end":{"line":138,"column":10}},"61":{"start":{"line":134,"column":8},"end":{"line":136,"column":9}},"62":{"start":{"line":134,"column":30},"end":{"line":134,"column":49}},"63":{"start":{"line":135,"column":9},"end":{"line":135,"column":49}},"64":{"start":{"line":137,"column":8},"end":{"line":137,"column":24}},"65":{"start":{"line":141,"column":17},"end":{"line":141,"column":34}},"66":{"start":{"line":142,"column":5},"end":{"line":144,"column":8}},"67":{"start":{"line":143,"column":6},"end":{"line":143,"column":41}},"68":{"start":{"line":143,"column":29},"end":{"line":143,"column":40}},"69":{"start":{"line":145,"column":5},"end":{"line":145,"column":18}},"70":{"start":{"line":148,"column":5},"end":{"line":148,"column":125}},"71":{"start":{"line":148,"column":46},"end":{"line":148,"column":96}},"72":{"start":{"line":148,"column":106},"end":{"line":148,"column":112}},"73":{"start":{"line":152,"column":5},"end":{"line":152,"column":122}},"74":{"start":{"line":152,"column":37},"end":{"line":152,"column":87}},"75":{"start":{"line":152,"column":97},"end":{"line":152,"column":109}},"76":{"start":{"line":155,"column":5},"end":{"line":155,"column":137}},"77":{"start":{"line":158,"column":5},"end":{"line":158,"column":62}},"78":{"start":{"line":158,"column":35},"end":{"line":158,"column":60}},"79":{"start":{"line":161,"column":5},"end":{"line":161,"column":52}},"80":{"start":{"line":161,"column":27},"end":{"line":161,"column":52}},"81":{"start":{"line":162,"column":18},"end":{"line":162,"column":20}},"82":{"start":{"line":163,"column":5},"end":{"line":188,"column":6}},"83":{"start":{"line":164,"column":6},"end":{"line":166,"column":7}},"84":{"start":{"line":168,"column":10},"end":{"line":188,"column":6}},"85":{"start":{"line":169,"column":6},"end":{"line":171,"column":7}},"86":{"start":{"line":173,"column":10},"end":{"line":188,"column":6}},"87":{"start":{"line":174,"column":6},"end":{"line":176,"column":7}},"88":{"start":{"line":179,"column":22},"end":{"line":179,"column":51}},"89":{"start":{"line":180,"column":6},"end":{"line":187,"column":7}},"90":{"start":{"line":181,"column":7},"end":{"line":183,"column":8}},"91":{"start":{"line":185,"column":11},"end":{"line":187,"column":7}},"92":{"start":{"line":189,"column":5},"end":{"line":189,"column":32}},"93":{"start":{"line":190,"column":5},"end":{"line":190,"column":19}},"94":{"start":{"line":194,"column":26},"end":{"line":194,"column":64}},"95":{"start":{"line":194,"column":48},"end":{"line":194,"column":63}},"96":{"start":{"line":195,"column":22},"end":{"line":195,"column":55}},"97":{"start":{"line":196,"column":5},"end":{"line":196,"column":42}},"98":{"start":{"line":196,"column":32},"end":{"line":196,"column":41}},"99":{"start":{"line":199,"column":5},"end":{"line":206,"column":6}},"100":{"start":{"line":200,"column":6},"end":{"line":200,"column":95}},"101":{"start":{"line":200,"column":41},"end":{"line":200,"column":95}},"102":{"start":{"line":201,"column":6},"end":{"line":201,"column":95}},"103":{"start":{"line":201,"column":41},"end":{"line":201,"column":95}},"104":{"start":{"line":202,"column":6},"end":{"line":202,"column":95}},"105":{"start":{"line":202,"column":41},"end":{"line":202,"column":95}},"106":{"start":{"line":203,"column":6},"end":{"line":203,"column":85}},"107":{"start":{"line":203,"column":31},"end":{"line":203,"column":85}},"108":{"start":{"line":204,"column":6},"end":{"line":204,"column":85}},"109":{"start":{"line":204,"column":31},"end":{"line":204,"column":85}},"110":{"start":{"line":205,"column":6},"end":{"line":205,"column":85}},"111":{"start":{"line":205,"column":31},"end":{"line":205,"column":85}}},"fnMap":{"0":{"name":"parse","decl":{"start":{"line":11,"column":16},"end":{"line":11,"column":21}},"loc":{"start":{"line":11,"column":31},"end":{"line":209,"column":1}},"line":11},"1":{"name":"(anonymous_1)","decl":{"start":{"line":38,"column":27},"end":{"line":38,"column":28}},"loc":{"start":{"line":38,"column":54},"end":{"line":48,"column":3}},"line":38},"2":{"name":"(anonymous_2)","decl":{"start":{"line":73,"column":19},"end":{"line":73,"column":20}},"loc":{"start":{"line":73,"column":30},"end":{"line":73,"column":75}},"line":73},"3":{"name":"(anonymous_3)","decl":{"start":{"line":73,"column":56},"end":{"line":73,"column":57}},"loc":{"start":{"line":73,"column":61},"end":{"line":73,"column":73}},"line":73},"4":{"name":"(anonymous_4)","decl":{"start":{"line":74,"column":16},"end":{"line":74,"column":17}},"loc":{"start":{"line":74,"column":27},"end":{"line":74,"column":70}},"line":74},"5":{"name":"(anonymous_5)","decl":{"start":{"line":74,"column":52},"end":{"line":74,"column":53}},"loc":{"start":{"line":74,"column":57},"end":{"line":74,"column":68}},"line":74},"6":{"name":"(anonymous_6)","decl":{"start":{"line":75,"column":15},"end":{"line":75,"column":16}},"loc":{"start":{"line":75,"column":26},"end":{"line":75,"column":87}},"line":75},"7":{"name":"(anonymous_7)","decl":{"start":{"line":75,"column":51},"end":{"line":75,"column":52}},"loc":{"start":{"line":75,"column":56},"end":{"line":75,"column":85}},"line":75},"8":{"name":"(anonymous_8)","decl":{"start":{"line":76,"column":15},"end":{"line":76,"column":16}},"loc":{"start":{"line":76,"column":25},"end":{"line":78,"column":5}},"line":76},"9":{"name":"(anonymous_9)","decl":{"start":{"line":79,"column":32},"end":{"line":79,"column":33}},"loc":{"start":{"line":79,"column":42},"end":{"line":81,"column":5}},"line":79},"10":{"name":"(anonymous_10)","decl":{"start":{"line":82,"column":42},"end":{"line":82,"column":43}},"loc":{"start":{"line":82,"column":52},"end":{"line":84,"column":5}},"line":82},"11":{"name":"(anonymous_11)","decl":{"start":{"line":89,"column":24},"end":{"line":89,"column":25}},"loc":{"start":{"line":89,"column":31},"end":{"line":93,"column":7}},"line":89},"12":{"name":"(anonymous_12)","decl":{"start":{"line":100,"column":25},"end":{"line":100,"column":26}},"loc":{"start":{"line":100,"column":36},"end":{"line":110,"column":9}},"line":100},"13":{"name":"(anonymous_13)","decl":{"start":{"line":101,"column":38},"end":{"line":101,"column":39}},"loc":{"start":{"line":101,"column":57},"end":{"line":109,"column":10}},"line":101},"14":{"name":"(anonymous_14)","decl":{"start":{"line":113,"column":25},"end":{"line":113,"column":26}},"loc":{"start":{"line":113,"column":36},"end":{"line":115,"column":7}},"line":113},"15":{"name":"(anonymous_15)","decl":{"start":{"line":127,"column":24},"end":{"line":127,"column":25}},"loc":{"start":{"line":127,"column":34},"end":{"line":146,"column":5}},"line":127},"16":{"name":"(anonymous_16)","decl":{"start":{"line":130,"column":19},"end":{"line":130,"column":20}},"loc":{"start":{"line":130,"column":32},"end":{"line":140,"column":6}},"line":130},"17":{"name":"(anonymous_17)","decl":{"start":{"line":131,"column":25},"end":{"line":131,"column":26}},"loc":{"start":{"line":131,"column":36},"end":{"line":139,"column":7}},"line":131},"18":{"name":"(anonymous_18)","decl":{"start":{"line":133,"column":13},"end":{"line":133,"column":14}},"loc":{"start":{"line":133,"column":20},"end":{"line":138,"column":8}},"line":133},"19":{"name":"(anonymous_19)","decl":{"start":{"line":134,"column":25},"end":{"li
[...]
"line":24,"column":46},"end":{"line":24,"column":52}},{"start":{"line":24,"column":55},"end":{"line":24,"column":62}}],"line":24},"2":{"loc":{"start":{"line":26,"column":11},"end":{"line":47,"column":17}},"type":"cond-expr","locations":[{"start":{"line":27,"column":12},"end":{"line":27,"column":24}},{"start":{"line":28,"column":13},"end":{"line":47,"column":16}}],"line":26},"3":{"loc":{"start":{"line":58,"column":7},"end":{"line":65,"column":10}},"type":"binary-expr","locations":[{"start":{"line":58,"column":7},"end":{"line":58,"column":20}},{"start":{"line":59,"column":8},"end":{"line":65,"column":10}}],"line":58}},"s":{"0":0,"1":0,"2":0,"3":0,"4":0,"5":0,"6":0,"7":0,"8":0,"9":0},"f":{"0":0,"1":0,"2":0,"3":0,"4":0,"5":0,"6":0,"7":0},"b":{"0":[0,0],"1":[0,0],"2":[0,0],"3":[0,0]}},"c:\\Git\\tesis\\NodeProject\\src\\rewrite\\mguBuilder.js":{"path":"c:\\Git\\tesis\\NodeProject\\src\\rewrite\\mguBuilder.js","statementMap":{"0":{"start":{"line":3,"column":4},"end":{"line":5,"column":5}},"1":{"start":{"line":4,"column":8},"end":{"line":4,"column":31}},"2":{"start":{"line":7,"column":4},"end":{"line":7,"column":55}},"3":{"start":{"line":7,"column":45},"end":{"line":7,"column":53}}},"fnMap":{"0":{"name":"getMguFor","decl":{"start":{"line":1,"column":16},"end":{"line":1,"column":25}},"loc":{"start":{"line":1,"column":39},"end":{"line":8,"column":1}},"line":1},"1":{"name":"(anonymous_1)","decl":{"start":{"line":7,"column":33},"end":{"line":7,"column":34}},"loc":{"start":{"line":7,"column":44},"end":{"line":7,"column":54}},"line":7}},"branchMap":{"0":{"loc":{"start":{"line":3,"column":4},"end":{"line":5,"column":5}},"type":"if","locations":[{"start":{"line":3,"column":4},"end":{"line":5,"column":5}},{"start":{"line":3,"column":4},"end":{"line":5,"column":5}}],"line":3}},"s":{"0":0,"1":0,"2":0,"3":0},"f":{"0":0,"1":0},"b":{"0":[0,0]}},"c:\\Git\\tesis\\NodeProject\\src\\serviceWorker.js":{"path":"c:\\Git\\tesis\\NodeProject\\src\\serviceWorker.js","statementMap":{"0":{"start":{"line":13,"column":20},"end":{"line":21,"column":1}},"1":{"start":{"line":24,"column":2},"end":{"line":54,"column":3}},"2":{"start":{"line":26,"column":22},"end":{"line":26,"column":75}},"3":{"start":{"line":27,"column":4},"end":{"line":32,"column":5}},"4":{"start":{"line":31,"column":6},"end":{"line":31,"column":13}},"5":{"start":{"line":34,"column":4},"end":{"line":53,"column":7}},"6":{"start":{"line":35,"column":20},"end":{"line":35,"column":65}},"7":{"start":{"line":37,"column":6},"end":{"line":52,"column":7}},"8":{"start":{"line":39,"column":8},"end":{"line":39,"column":47}},"9":{"start":{"line":43,"column":8},"end":{"line":48,"column":11}},"10":{"start":{"line":44,"column":10},"end":{"line":47,"column":12}},"11":{"start":{"line":51,"column":8},"end":{"line":51,"column":39}},"12":{"start":{"line":58,"column":2},"end":{"line":98,"column":7}},"13":{"start":{"line":61,"column":6},"end":{"line":94,"column":8}},"14":{"start":{"line":62,"column":33},"end":{"line":62,"column":56}},"15":{"start":{"line":63,"column":8},"end":{"line":65,"column":9}},"16":{"start":{"line":64,"column":10},"end":{"line":64,"column":17}},"17":{"start":{"line":66,"column":8},"end":{"line":93,"column":10}},"18":{"start":{"line":67,"column":10},"end":{"line":92,"column":11}},"19":{"start":{"line":68,"column":12},"end":{"line":91,"column":13}},"20":{"start":{"line":72,"column":14},"end":{"line":75,"column":16}},"21":{"start":{"line":78,"column":14},"end":{"line":80,"column":15}},"22":{"start":{"line":79,"column":16},"end":{"line":79,"column":46}},"23":{"start":{"line":85,"column":14},"end":{"line":85,"column":64}},"24":{"start":{"line":88,"column":14},"end":{"line":90,"column":15}},"25":{"start":{"line":89,"column":16},"end":{"line":89,"column":47}},"26":{"start":{"line":97,"column":6},"end":{"line":97,"column":72}},"27":{"start":{"line":103,"column":2},"end":{"line":126,"column":7}},"28":{"start":{"line":106,"column":26},"end":{"line":106,"column":62}},"29":{"start":{"line":107,"column":6},"end":{"line":120,"column":7}},"30":{"start":{"line":112,"column":8},"end":{"line":116,"column":11}},"31":{"start":{"line":113,"column":10},"end":{"line":115,"column":13}},"32":{"start":{"line":114,"column":12},"end":{"line":114,"column":37}},"33":{"start":{"line":119,"column":8},"end":{"line":119,"column":39}},"34":{"start":{"line":123,"column":6},"end":{"line":125,"column":8}},"35":{"start":{"line":130,"column":2},"end":{"line":134,"column":3}},"36":{"start":{"line":131,"column":4},"end":{"line":133,"column":7}},"37":{"start":{"line":132,"column":6},"end":{"line":132,"column":32}}},"fnMap":{"0":{"name":"register","decl":{"start":{"line":23,"column":16},"end":{"line":23,"column":24}},"loc":{"start":{"line":23,"column":33},"end":{"line":55,"column":1}},"line":23},"1":{"name":"(anonymous_1)","decl":{"start":{"line":34,"column":36},"end":{"line":34,"column":37}},"loc":{"start":{"line":34,"column":42},"end":{"line":53,"column":5}},"line":34},"2":{"name":"(anonymous_2)","decl":{"start":{"line":43,"column":43},"end":{"line":43,"column":44}},"loc":{"start":{"line":43,"column":49},"end":{"line":48,"column":9}},"line":43},"3":{"name":"registerValidSW","decl":{"start":{"line":57,"column":9},"end":{"line":57,"column":24}},"loc":{"start":{"line":57,"column":40},"end":{"line":99,"column":1}},"line":57},"4":{"name":"(anonymous_4)","decl":{"start":{"line":60,"column":10},"end":{"line":60,"column":11}},"loc":{"start":{"line":60,"column":26},"end":{"line":95,"column":5}},"line":60},"5":{"name":"(anonymous_5)","decl":{"start":{"line":61,"column":35},"end":{"line":61,"column":36}},"loc":{"start":{"line":61,"column":41},"end":{"line":94,"column":7}},"line":61},"6":{"name":"(anonymous_6)","decl":{"start":{"line":66,"column":41},"end":{"line":66,"column":42}},"loc":{"start":{"line":66,"column":47},"end":{"line":93,"column":9}},"line":66},"7":{"name":"(anonymous_7)","decl":{"start":{"line":96,"column":11},"end":{"line":96,"column":12}},"loc":{"start":{"line":96,"column":20},"end":{"line":98,"column":5}},"line":96},"8":{"name":"checkValidServiceWorker","decl":{"start":{"line":101,"column":9},"end":{"line":101,"column":32}},"loc":{"start":{"line":101,"column":48},"end":{"line":127,"column":1}},"line":101},"9":{"name":"(anonymous_9)","decl":{"start":{"line":104,"column":10},"end":{"line":104,"column":11}},"loc":{"start":{"line":104,"column":22},"end":{"line":121,"column":5}},"line":104},"10":{"name":"(anonymous_10)","decl":{"start":{"line":112,"column":43},"end":{"line":112,"column":44}},"loc":{"start":{"line":112,"column":59},"end":{"line":116,"column":9}},"line":112},"11":{"name":"(anonymous_11)","decl":{"start":{"line":113,"column":41},"end":{"line":113,"column":42}},"loc":{"start":{"line":113,"column":47},"end":{"line":115,"column":11}},"line":113},"12":{"name":"(anonymous_12)","decl":{"start":{"line":122,"column":11},"end":{"line":122,"column":12}},"loc":{"start":{"line":122,"column":17},"end":{"line":126,"column":5}},"line":122},"13":{"name":"unregister","decl":{"start":{"line":129,"column":16},"end":{"line":129,"column":26}},"loc":{"start":{"line":129,"column":29},"end":{"line":135,"column":1}},"line":129},"14":{"name":"(anonymous_14)","decl":{"start":{"line":131,"column":39},"end":{"line":131,"column":40}},"loc":{"start":{"line":131,"column":55},"end":{"line":133,"column":5}},"line":131}},"branchMap":{"0":{"loc":{"start":{"line":14,"column":2},"end":{"line":20,"column":5}},"type":"binary-expr","locations":[{"start":{"line":14,"column":2},"end":{"line":14,"column":42}},{"start":{"line":16,"column":4},"end":{"line":16,"column":40}},{"start":{"line":18,"column":4},"end":{"line":20,"column":5}}],"line":14},"1":{"loc":{"start":{"line":24,"column":2},"end":{"line":54,"column":3}},"type":"if","locations":[{"start":{"line":24,"column":2},"end":{"line":54,"column":3}},{"start":{"line":24,"column":2},"end":{"line":54,"column":3}}],"line":24},"2":{"loc":{"start":{"line":24,"column":6},"end":{"line":24,"column":75}},"type":"binary-expr","locations":[{"start":{"line":24,"column":6},"end":{"line":24,"column":43}},{"start":{"line":24,"column":47},"end":{"line":24,"column":75}}],"line":24},"3":{"loc":{"start":{"line":27,"column":4},"end":{"line":32,"column":5}},"type":"if","locations":[{"start":{"line":27,"column":4},"end":{"line":32,"column":5}},{"start":{"line":27,"column":4},"end":{"line":32,"column":5}}],"line":27},"4":{"loc":{"start":{"line":37,"column":6},"end":{"line":52,"column":7}},"type":"if","locations":[{"start":{"line":37,"column":6},"end":{"line":52,"column":7}},{"start":{"line":37,"column":6},"end":{"line":52,"column":7}}],"line":37},"5":{"loc":{"start":{"line":63,"column":8},"end":{"line":65,"column":9}},"type":"if","locations":[{"start":{"line":63,"column":8},"end":{"line":65,"column":9}},{"start":{"line":63,"column":8},"end":{"line":65,"column":9}}],"line":63},"6":{"loc":{"start":{"line":67,"column":10},"end":{"line":92,"column":11}},"type":"if","locations":[{"start":{"line":67,"column":10},"end":{"line":92,"column":11}},{"start":{"line":67,"column":10},"end":{"line":92,"column":11}}],"line":67},"7":{"loc":{"start":{"line":68,"column":12},"end":{"line":91,"column":13}},"type":"if","locations":[{"start":{"line":68,"column":12},"end":{"line":91,"column":13}},{"start":{"line":68,"column":12},"end":{"line":91,"column":13}}],"line":68},"8":{"loc":{"start":{"line":78,"column":14},"end":{"line":80,"column":15}},"type":"if","locations":[{"start":{"line":78,"column":14},"end":{"line":80,"column":15}},{"start":{"line":78,"column":14},"end":{"line":80,"column":15}}],"line":78},"9":{"loc":{"start":{"line":78,"column":18},"end":{"line":78,"column":43}},"type":"binary-expr","locations":[{"start":{"line":78,"column":18},"end":{"line":78,"column":24}},{"start":{"line":78,"column":28},"end":{"line":78,"column":43}}],"line":78},"10":{"loc":{"start":{"line":88,"column":14},"end":{"line":90,"column":15}},"type":"if","locations":[{"start":{"line":88,"column":14},"end":{"line":90,"column":15}},{"start":{"line":88,"column":14},"end":{"line":90,"column":15}}],"line":88},"11":{"loc":{"start":{"line":88,"column":18},"end":{"line":88,"column":44}},"type":"binary-expr","locations":[{"start":{"line":88,"column":18},"end":{"line":88,"column":24}},{"start":{"line":88,"column":28},"end":{"line":88,"column":44}}],"line":88},"12":{"loc":{"start":{"line":107,"column":6},"end":{"line":120,"column":7}},"type":"if","locations":[{"start":{"line":107,"column":6},"end":{"line":120,"column":7}},{"start":{"line":107,"column":6},"end":{"line":120,"column":7}}],"line":107},"13":{"loc":{"start":{"line":108,"column":8},"end":{"line":109,"column":73}},"type":"binary-expr","locations":[{"start":{"line":108,"column":8},"end":{"line":108,"column":31}},{"start":{"line":109,"column":9},"end":{"line":109,"column":28}},{"start":{"line":109,"column":32},"end":{"line":109,"column":72}}],"line":108},"14":{"loc":{"start":{"line":130,"column":2},"end":{"line":134,"column":3}},"type":"if","locations":[{"start":{"line":130,"column":2},"end":{"line":134,"column":3}},{"start":{"line":130,"column":2},"end":{"line":134,"column":3}}],"line":130}},"s":{"0":0,"1":0,"2":0,"3":0,"4":0,"5":0,"6":0,"7":0,"8":0,"9":0,"10":0,"11":0,"12":0,"13":0,"14":0,"15":0,"16":0,"17":0,"18":0,"19":0,"20":0,"21":0,"22":0,"23":0,"24":0,"25":0,"26":0,"27":0,"28":0,"29":0,"30":0,"31":0,"32":0,"33":0,"34":0,"35":0,"36":0,"37":0},"f":{"0":0,"1":0,"2":0,"3":0,"4":0,"5":0,"6":0,"7":0,"8":0,"9":0,"10":0,"11":0,"12":0,"13":0,"14":0},"b":{"0":[0,0,0],"1":[0,0],"2":[0,0],"3":[0,0],"4":[0,0],"5":[0,0],"6":[0,0],"7":[0,0],"8":[0,0],"9":[0,0],"10":[0,0],"11":[0,0],"12":[0,0],"13":[0,0,0],"14":[0,0]}},"c:\\Git\\tesis\\NodeProject\\src\\StatusObjects.js":{"path":"c:\\Git\\tesis\\NodeProject\\src\\StatusObjects.js","statementMap":{"0":{"start":{"line":6,"column":32},"end":{"line":13,"column":1}},"1":{"start":{"line":8,"column":8},"end":{"line":8,"column":37}},"2":{"start":{"line":11,"column":8},"end":{"line":11,"column":47}},"3":{"start":{"line":15,"column":23},"end":{"line":38,"column":1}},"4":{"start":{"line":17,"column":8},"end":{"line":17,"column":28}},"5":{"start":{"line":21,"column":8},"end":{"line":21,"column":52}},"6":{"start":{"line":22,"column":24},"end":{"line":22,"column":81}},"7":{"start":{"line":23,"column":8},"end":{"line":23,"column":53}},"8":{"start":{"line":24,"column":8},"end":{"line":24,"column":63}},"9":{"start":{"line":25,"column":8},"end":{"line":25,"column":46}},"10":{"start":{"line":26,"column":8},"end":{"line":26,"column":60}},"11":{"start":{"line":27,"column":8},"end":{"line":27,"column":44}},"12":{"start":{"line":30,"column":8},"end":{"line":30,"column":52}},"13":{"start":{"line":31,"column":24},"end":{"line":31,"column":81}},"14":{"start":{"line":32,"column":8},"end":{"line":32,"column":53}},"15":{"start":{"line":33,"column":8},"end":{"line":33,"column":63}},"16":{"start":{"line":34,"column":8},"end":{"line":34,"column":46}},"17":{"start":{"line":35,"column":8},"end":{"line":35,"column":60}},"18":{"start":{"line":36,"column":8},"end":{"line":36,"column":38}},"19":{"start":{"line":40,"column":30},"end":{"line":54,"column":1}},"20":{"start":{"line":42,"column":8},"end":{"line":42,"column":28}},"21":{"start":{"line":45,"column":8},"end":{"line":45,"column":55}},"22":{"start":{"line":46,"column":8},"end":{"line":46,"column":60}},"23":{"start":{"line":49,"column":8},"end":{"line":49,"column":44}},"24":{"start":{"line":52,"column":8},"end":{"line":52,"column":45}},"25":{"start":{"line":57,"column":23},"end":{"line":57,"column":96}},"26":{"start":{"line":58,"column":4},"end":{"line":79,"column":5}},"27":{"start":{"line":60,"column":12},"end":{"line":60,"column":56}},"28":{"start":{"line":61,"column":12},"end":{"line":61,"column":18}},"29":{"start":{"line":63,"column":12},"end":{"line":63,"column":56}},"30":{"start":{"line":64,"column":12},"end":{"line":64,"column":53}},"31":{"start":{"line":65,"column":12},"end":{"line":65,"column":18}},"32":{"start":{"line":67,"column":12},"end":{"line":67,"column":60}},"33":{"start":{"line":68,"column":12},"end":{"line":68,"column":57}},"34":{"start":{"line":69,"column":12},"end":{"line":69,"column":18}},"35":{"start":{"line":71,"column":12},"end":{"line":71,"column":57}},"36":{"start":{"line":72,"column":12},"end":{"line":72,"column":57}},"37":{"start":{"line":73,"column":12},"end":{"line":73,"column":57}},"38":{"start":{"line":74,"column":12},"end":{"line":74,"column":49}},"39":{"start":{"line":75,"column":12},"end":{"line":75,"column":18}},"40":{"start":{"line":77,"column":12},"end":{"line":77,"column":71}},"41":{"start":{"line":78,"column":12},"end":{"line":78,"column":18}},"42":{"start":{"line":83,"column":22},"end":{"line":83,"column":48}},"43":{"start":{"line":84,"column":23},"end":{"line":84,"column":52}},"44":{"start":{"line":85,"column":4},"end":{"line":95,"column":5}},"45":{"start":{"line":87,"column":12},"end":{"line":87,"column":56}},"46":{"start":{"line":88,"column":12},"end":{"line":88,"column":18}},"47":{"start":{"line":90,"column":30},"end":{"line":90,"column":92}},"48":{"start":{"line":91,"column":12},"end":{"line":91,"column":82}},"49":{"start":{"line":91,"column":53},"end":{"line":91,"column":80}},"50":{"start":{"line":92,"column":26},"end":{"line":92,"column":53}},"51":{"start":{"line":93,"column":12},"end":{"line":93,"column":52}},"52":{"start":{"line":94,"column":12},"end":{"line":94,"column":18}},"53":{"start":{"line":98,"column":31},"end":{"line":118,"column":1}},"54":{"start":{"line":101,"column":12},"end":{"line":101,"column":55}},"55":{"start":{"line":104,"column":12},"end":{"line":104,"column":50}},"56":{"start":{"line":110,"column":12},"end":{"line":110,"column":56}},"57":{"start":{"line":111,"column":26},"end":{"line":111,"column":68}},"58":{"start":{"line":112,"column":12},"end":{"line":112,"column":75}},"59":{"start":{"line":115,"column":12},"end":{"line":115,"column":46}}},"fnMap":{"0":{"name":"(anonymous_0)","decl":{"start":{"line":7,"column":12},"end":{"line":7,"column":13}},"loc":{"start":{"line":7,"column":37},"end":{"line":9,"column":5}},"line":7},"1":{"name":"(anonymous_1)","decl":{"start":{"line":10,"column":22},"end":{"line":10,"column":23}},"loc":{"start":{"line":10,"column":47},"end":{"line":12,"column":5}},"line":10},"2":{"name":"(anonymous_2)","decl":{"start":{"line":16,"column":12},"end":{"line":16,"column":13}},"loc":{"start":{"line":16,"column":37},"end":{"line":18,"column":5}},"line":16},"3":{"name":"(anonymous_3)","decl":{"start":{"line":20,"column":17},"end":{"line":20,"column":18}},"loc":{"start":{"line":20,"column":42},"end":{"line":28,"column":5}},"line":20},"4":{"name":"(anonymous_4)","decl":{"start":{"line":29,"column":28},"end":{"line":29,"column":29}},"loc":{"start":{"line":29,"column":53},"end":{"line":37,"column":5}},"line":29},"5":{"name":"(anonymous_5)","decl":{"start":{"line":41,"column":12},"end":{"line":41,"column":13}},"loc":{"start":{"line":41,"column":37},"end":{"line":43,"column":5}},"line":41},"6":{"name":"(anonymous_6)","decl":{"start":{"line":44,"column":22},"end":{"line":44,"column":23}},"loc":{"start":{"line":44,"column":47},"end":{"line":47,"column":5}},"line":44},"7":{"name":"(anonymous_7)","decl":{"start":{"line":48,"column":17},"end":{"line":48,"column":18}},"loc":{"start":{"line":48,"column":42},"end":{"line":50,"column":5}},"line":48},"8":{"name":"(anonymous_8)","decl":{"start":{"line":51,"column":28},"end":{"line":51,"column":29}},"loc":{"start":{"line":51,"column":53},"end":{"line":53,"column":5}},"line":51},"9":{"name":"onAction","decl":{"start":{"line":56,"column":15},"end":{"line":56,"column":23}},"loc":{"start":{"line":56,"column":46},"end":{"line":80,"column":1}},"line":56},"10":{"name":"iarSubmit","decl":{"start":{"line":82,"column":15},"end":{"line":82,"column":24}},"loc":{"start":{"line":82,"column":35},"end":{"line":96,"column":1}},"line":82},"11":{"name":"(anonymous_11)","decl":{"start":{"line":91,"column":48},"end":{"line":91,"column":49}},"loc":{"start":{"line":91,"column":53},"end":{"line":91,"column":80}},"line":91},"12":{"name":"(anonymous_12)","decl":{"start":{"line":100,"column":20},"end":{"line":100,"column":21}},"loc":{"start":{"line":100,"column":39},"end":{"line":102,"column":9}},"line":100},"13":{"name":"(anonymous_13)","decl":{"start":{"line":103,"column":17},"end":{"line":103,"column":18}},"loc":{"start":{"line":103,"column":36},"end":{"line":105,"column":9}},"line":103},"14":{"name":"(anonymous_14)","decl":{"start":{"line":109,"column":20},"end":{"line":109,"column":21}},"loc":{"start":{"line":109,"column":45},"end":{"line":113,"column":9}},"line":109},"15":{"name":"(anonymous_15)","decl":{"start":{"line":114,"column":17},"end":{"line":114,"column":18}},"loc":{"start":{"line":114,"column":36},"end":{"line":116,"column":9}},"line":114}},"branchMap":{"0":{"loc":{"start":{"line":58,"column":4},"end":{"line":79,"column":5}},"type":"switch","locations":[{"start":{"line":59,"column":8},"end":{"line":61,"column":18}},{"start":{"line":62,"column":8},"end":{"line":65,"column":18}},{"start":{"line":66,"column":8},"end":{"line":69,"column":18}},{"start":{"line":70,"column":8},"end":{"line":75,"column":18}},{"start":{"line":76,"column":8},"end":{"line":78,"column":18}}],"line":58},"1":{"loc":{"start":{"line":85,"column":4},"end":{"line":95,"column":5}},"type":"switch","locations":[{"start":{"line":86,"column":8},"end":{"line":88,"column":18}},{"start":{"line":89,"column":8},"end":{"line":94,"column":18}}],"line":85}},"s":{"0":0,"1":0,"2":0,"3":0,"4":0,"5":0,"6":0,"7":0,"8":0,"9":0,"10":0,"11":0,"12":0,"13":0,"14":0,"15":0,"16":0,"17":0,"18":0,"19":0,"20":0,"21":0,"22":0,"23":0,"24":0,"25":0,"26":0,"27":0,"28":0,"29":0,"30":0,"31":0,"32":0,"33":0,"34":0,"35":0,"36":0,"37":0,"38":0,"39":0,"40":0,"41":0,"42":0,"43":0,"44":0,"45":0,"46":0,"47":0,"48":0,"49":0,"50":0,"51":0,"52":0,"53":0,"54":0,"55":0,"56":0,"57":0,"58":0,"59":0},"f":{"0":0,"1":0,"2":0,"3":0,"4":0,"5":0,"6":0,"7":0,"8":0,"9":0,"10":0,"11":0,"12":0,"13":0,"14":0,"15":0},"b":{"0":[0,0,0,0,0],"1":[0,0]}}}